<?xml version="1.0"?>
<!DOCTYPE coverage SYSTEM "http://cobertura.sourceforge.net/xml/coverage-04.dtd">

<coverage line-rate="0.4969262295081967" branch-rate="0.13271604938271606" lines-covered="485" lines-valid="976" branches-covered="86" branches-valid="648" complexity="1.4960629921259843" version="2.1.1" timestamp="1479483829136">
	<sources>
		<source>/home/r/repo/src/main/java</source>
		<source>--source</source>
		<source>/home/r/repo/target/generated-sources/annotations</source>
	</sources>
	<packages>
		<package name="com.jcabi.dynamo" line-rate="0.5533661740558292" branch-rate="0.1409090909090909" complexity="1.509090909090909">
			<classes>
				<class name="com.jcabi.dynamo.AttributeUpdates" filename="com/jcabi/dynamo/AttributeUpdates.java" line-rate="0.7777777777777778" branch-rate="0.2" complexity="1.4210526315789473">
					<methods>
						<method name="&lt;clinit&gt;" signature="()V" line-rate="1.0" branch-rate="1.0" complexity="0">
							<lines>
							</lines>
						</method>
						<method name="&lt;init&gt;" signature="()V" line-rate="1.0" branch-rate="1.0" complexity="0">
							<lines>
								<line number="77" hits="19" branch="false"/>
								<line number="78" hits="19" branch="false"/>
							</lines>
						</method>
						<method name="&lt;init&gt;" signature="(Ljava/util/Map;)V" line-rate="1.0" branch-rate="1.0" complexity="0">
							<lines>
								<line number="84" hits="39" branch="false"/>
								<line number="85" hits="39" branch="false"/>
								<line number="86" hits="39" branch="false"/>
							</lines>
						</method>
						<method name="ajc$preClinit" signature="()V" line-rate="1.0" branch-rate="1.0" complexity="0">
							<lines>
								<line number="1" hits="2" branch="false"/>
							</lines>
						</method>
						<method name="clear" signature="()V" line-rate="1.0" branch-rate="1.0" complexity="0">
							<lines>
							</lines>
						</method>
						<method name="clear_aroundBody30" signature="(Lcom/jcabi/dynamo/AttributeUpdates;Lorg/aspectj/lang/JoinPoint;)V" line-rate="1.0" branch-rate="1.0" complexity="0">
							<lines>
								<line number="237" hits="2" branch="false"/>
							</lines>
						</method>
						<method name="containsKey" signature="(Ljava/lang/Object;)Z" line-rate="1.0" branch-rate="1.0" complexity="0">
							<lines>
							</lines>
						</method>
						<method name="containsKey_aroundBody12" signature="(Lcom/jcabi/dynamo/AttributeUpdates;Ljava/lang/Object;Lorg/aspectj/lang/JoinPoint;)Z" line-rate="1.0" branch-rate="1.0" complexity="0">
							<lines>
								<line number="180" hits="2" branch="false"/>
							</lines>
						</method>
						<method name="containsValue" signature="(Ljava/lang/Object;)Z" line-rate="1.0" branch-rate="1.0" complexity="0">
							<lines>
							</lines>
						</method>
						<method name="containsValue_aroundBody14" signature="(Lcom/jcabi/dynamo/AttributeUpdates;Ljava/lang/Object;Lorg/aspectj/lang/JoinPoint;)Z" line-rate="1.0" branch-rate="1.0" complexity="0">
							<lines>
								<line number="187" hits="2" branch="false"/>
							</lines>
						</method>
						<method name="entrySet" signature="()Ljava/util/Set;" line-rate="1.0" branch-rate="1.0" complexity="0">
							<lines>
							</lines>
						</method>
						<method name="entrySet_aroundBody22" signature="(Lcom/jcabi/dynamo/AttributeUpdates;Lorg/aspectj/lang/JoinPoint;)Ljava/util/Set;" line-rate="1.0" branch-rate="1.0" complexity="0">
							<lines>
								<line number="209" hits="2" branch="false"/>
							</lines>
						</method>
						<method name="equals" signature="(Ljava/lang/Object;)Z" line-rate="1.0" branch-rate="1.0" complexity="0">
							<lines>
							</lines>
						</method>
						<method name="get" signature="(Ljava/lang/Object;)Lcom/amazonaws/services/dynamodbv2/model/AttributeValueUpdate;" line-rate="1.0" branch-rate="1.0" complexity="0">
							<lines>
							</lines>
						</method>
						<method name="get" signature="(Ljava/lang/Object;)Ljava/lang/Object;" line-rate="0.0" branch-rate="1.0" complexity="0">
							<lines>
								<line number="55" hits="0" branch="false"/>
							</lines>
						</method>
						<method name="get_aroundBody16" signature="(Lcom/jcabi/dynamo/AttributeUpdates;Ljava/lang/Object;Lorg/aspectj/lang/JoinPoint;)Lcom/amazonaws/services/dynamodbv2/model/AttributeValueUpdate;" line-rate="1.0" branch-rate="1.0" complexity="0">
							<lines>
								<line number="192" hits="2" branch="false"/>
							</lines>
						</method>
						<method name="hashCode" signature="()I" line-rate="0.0" branch-rate="0.0" complexity="0">
							<lines>
								<line number="57" hits="0" branch="true" condition-coverage="0% (0/12)">
									<conditions>
										<condition number="0" type="jump" coverage="0%"/>
										<condition number="1" type="jump" coverage="0%"/>
										<condition number="2" type="jump" coverage="0%"/>
										<condition number="3" type="jump" coverage="0%"/>
										<condition number="4" type="jump" coverage="0%"/>
										<condition number="5" type="jump" coverage="0%"/>
									</conditions>
								</line>
							</lines>
						</method>
						<method name="isEmpty" signature="()Z" line-rate="1.0" branch-rate="1.0" complexity="0">
							<lines>
							</lines>
						</method>
						<method name="isEmpty_aroundBody10" signature="(Lcom/jcabi/dynamo/AttributeUpdates;Lorg/aspectj/lang/JoinPoint;)Z" line-rate="1.0" branch-rate="1.0" complexity="0">
							<lines>
								<line number="175" hits="4" branch="false"/>
							</lines>
						</method>
						<method name="keySet" signature="()Ljava/util/Set;" line-rate="1.0" branch-rate="1.0" complexity="0">
							<lines>
							</lines>
						</method>
						<method name="keySet_aroundBody18" signature="(Lcom/jcabi/dynamo/AttributeUpdates;Lorg/aspectj/lang/JoinPoint;)Ljava/util/Set;" line-rate="1.0" branch-rate="1.0" complexity="0">
							<lines>
								<line number="199" hits="6" branch="false"/>
							</lines>
						</method>
						<method name="put" signature="(Ljava/lang/Object;Ljava/lang/Object;)Ljava/lang/Object;" line-rate="1.0" branch-rate="1.0" complexity="0">
							<lines>
							</lines>
						</method>
						<method name="put" signature="(Ljava/lang/String;Lcom/amazonaws/services/dynamodbv2/model/AttributeValueUpdate;)Lcom/amazonaws/services/dynamodbv2/model/AttributeValueUpdate;" line-rate="1.0" branch-rate="1.0" complexity="0">
							<lines>
							</lines>
						</method>
						<method name="putAll" signature="(Ljava/util/Map;)V" line-rate="1.0" branch-rate="1.0" complexity="0">
							<lines>
							</lines>
						</method>
						<method name="putAll_aroundBody28" signature="(Lcom/jcabi/dynamo/AttributeUpdates;Ljava/util/Map;Lorg/aspectj/lang/JoinPoint;)V" line-rate="1.0" branch-rate="1.0" complexity="0">
							<lines>
								<line number="230" hits="2" branch="false"/>
							</lines>
						</method>
						<method name="put_aroundBody24" signature="(Lcom/jcabi/dynamo/AttributeUpdates;Ljava/lang/String;Lcom/amazonaws/services/dynamodbv2/model/AttributeValueUpdate;Lorg/aspectj/lang/JoinPoint;)Lcom/amazonaws/services/dynamodbv2/model/AttributeValueUpdate;" line-rate="1.0" branch-rate="1.0" complexity="0">
							<lines>
								<line number="215" hits="2" branch="false"/>
							</lines>
						</method>
						<method name="remove" signature="(Ljava/lang/Object;)Lcom/amazonaws/services/dynamodbv2/model/AttributeValueUpdate;" line-rate="1.0" branch-rate="1.0" complexity="0">
							<lines>
							</lines>
						</method>
						<method name="remove" signature="(Ljava/lang/Object;)Ljava/lang/Object;" line-rate="1.0" branch-rate="1.0" complexity="0">
							<lines>
							</lines>
						</method>
						<method name="remove_aroundBody26" signature="(Lcom/jcabi/dynamo/AttributeUpdates;Ljava/lang/Object;Lorg/aspectj/lang/JoinPoint;)Lcom/amazonaws/services/dynamodbv2/model/AttributeValueUpdate;" line-rate="1.0" branch-rate="1.0" complexity="0">
							<lines>
								<line number="222" hits="2" branch="false"/>
							</lines>
						</method>
						<method name="size" signature="()I" line-rate="1.0" branch-rate="1.0" complexity="0">
							<lines>
							</lines>
						</method>
						<method name="size_aroundBody8" signature="(Lcom/jcabi/dynamo/AttributeUpdates;Lorg/aspectj/lang/JoinPoint;)I" line-rate="1.0" branch-rate="1.0" complexity="0">
							<lines>
								<line number="170" hits="16" branch="false"/>
							</lines>
						</method>
						<method name="toString" signature="()Ljava/lang/String;" line-rate="1.0" branch-rate="1.0" complexity="0">
							<lines>
								<line number="153" hits="60" branch="false"/>
								<line number="156" hits="60" branch="true" condition-coverage="100% (2/2)">
									<conditions>
										<condition number="0" type="jump" coverage="100%"/>
									</conditions>
								</line>
								<line number="157" hits="78" branch="false"/>
								<line number="164" hits="78" branch="false"/>
								<line number="165" hits="60" branch="false"/>
							</lines>
						</method>
						<method name="values" signature="()Ljava/util/Collection;" line-rate="1.0" branch-rate="1.0" complexity="0">
							<lines>
							</lines>
						</method>
						<method name="values_aroundBody20" signature="(Lcom/jcabi/dynamo/AttributeUpdates;Lorg/aspectj/lang/JoinPoint;)Ljava/util/Collection;" line-rate="1.0" branch-rate="1.0" complexity="0">
							<lines>
								<line number="204" hits="6" branch="false"/>
							</lines>
						</method>
						<method name="with" signature="(Ljava/lang/String;Lcom/amazonaws/services/dynamodbv2/model/AttributeValue;)Lcom/jcabi/dynamo/AttributeUpdates;" line-rate="1.0" branch-rate="1.0" complexity="0">
							<lines>
							</lines>
						</method>
						<method name="with" signature="(Ljava/lang/String;Lcom/amazonaws/services/dynamodbv2/model/AttributeValueUpdate;)Lcom/jcabi/dynamo/AttributeUpdates;" line-rate="1.0" branch-rate="1.0" complexity="0">
							<lines>
							</lines>
						</method>
						<method name="with" signature="(Ljava/lang/String;Ljava/lang/Object;)Lcom/jcabi/dynamo/AttributeUpdates;" line-rate="1.0" branch-rate="1.0" complexity="0">
							<lines>
							</lines>
						</method>
						<method name="with" signature="(Ljava/util/Map;)Lcom/jcabi/dynamo/AttributeUpdates;" line-rate="1.0" branch-rate="1.0" complexity="0">
							<lines>
							</lines>
						</method>
						<method name="with_aroundBody0" signature="(Lcom/jcabi/dynamo/AttributeUpdates;Ljava/lang/String;Lcom/amazonaws/services/dynamodbv2/model/AttributeValueUpdate;Lorg/aspectj/lang/JoinPoint;)Lcom/jcabi/dynamo/AttributeUpdates;" line-rate="1.0" branch-rate="1.0" complexity="0">
							<lines>
								<line number="96" hits="40" branch="false"/>
							</lines>
						</method>
						<method name="with_aroundBody2" signature="(Lcom/jcabi/dynamo/AttributeUpdates;Ljava/lang/String;Lcom/amazonaws/services/dynamodbv2/model/AttributeValue;Lorg/aspectj/lang/JoinPoint;)Lcom/jcabi/dynamo/AttributeUpdates;" line-rate="1.0" branch-rate="1.0" complexity="0">
							<lines>
								<line number="110" hits="36" branch="false"/>
							</lines>
						</method>
						<method name="with_aroundBody4" signature="(Lcom/jcabi/dynamo/AttributeUpdates;Ljava/lang/String;Ljava/lang/Object;Lorg/aspectj/lang/JoinPoint;)Lcom/jcabi/dynamo/AttributeUpdates;" line-rate="0.75" branch-rate="0.5" complexity="0">
							<lines>
								<line number="125" hits="34" branch="true" condition-coverage="50% (2/4)">
									<conditions>
										<condition number="0" type="jump" coverage="50%"/>
										<condition number="1" type="jump" coverage="50%"/>
									</conditions>
								</line>
								<line number="126" hits="0" branch="false"/>
								<line number="128" hits="17" branch="false"/>
								<line number="130" hits="17" branch="false"/>
							</lines>
						</method>
						<method name="with_aroundBody6" signature="(Lcom/jcabi/dynamo/AttributeUpdates;Ljava/util/Map;Lorg/aspectj/lang/JoinPoint;)Lcom/jcabi/dynamo/AttributeUpdates;" line-rate="0.0" branch-rate="0.0" complexity="0">
							<lines>
								<line number="139" hits="0" branch="false"/>
								<line number="142" hits="0" branch="true" condition-coverage="0% (0/2)">
									<conditions>
										<condition number="0" type="jump" coverage="0%"/>
									</conditions>
								</line>
								<line number="143" hits="0" branch="false"/>
								<line number="147" hits="0" branch="false"/>
								<line number="148" hits="0" branch="false"/>
							</lines>
						</method>
					</methods>
					<lines>
						<line number="1" hits="2" branch="false"/>
						<line number="55" hits="0" branch="false"/>
						<line number="57" hits="0" branch="true" condition-coverage="0% (0/12)">
							<conditions>
								<condition number="0" type="jump" coverage="0%"/>
								<condition number="1" type="jump" coverage="0%"/>
								<condition number="2" type="jump" coverage="0%"/>
								<condition number="3" type="jump" coverage="0%"/>
								<condition number="4" type="jump" coverage="0%"/>
								<condition number="5" type="jump" coverage="0%"/>
							</conditions>
						</line>
						<line number="77" hits="19" branch="false"/>
						<line number="78" hits="19" branch="false"/>
						<line number="84" hits="39" branch="false"/>
						<line number="85" hits="39" branch="false"/>
						<line number="86" hits="39" branch="false"/>
						<line number="96" hits="40" branch="false"/>
						<line number="110" hits="36" branch="false"/>
						<line number="125" hits="34" branch="true" condition-coverage="50% (2/4)">
							<conditions>
								<condition number="0" type="jump" coverage="50%"/>
								<condition number="1" type="jump" coverage="50%"/>
							</conditions>
						</line>
						<line number="126" hits="0" branch="false"/>
						<line number="128" hits="17" branch="false"/>
						<line number="130" hits="17" branch="false"/>
						<line number="139" hits="0" branch="false"/>
						<line number="142" hits="0" branch="true" condition-coverage="0% (0/2)">
							<conditions>
								<condition number="0" type="jump" coverage="0%"/>
							</conditions>
						</line>
						<line number="143" hits="0" branch="false"/>
						<line number="147" hits="0" branch="false"/>
						<line number="148" hits="0" branch="false"/>
						<line number="153" hits="60" branch="false"/>
						<line number="156" hits="60" branch="true" condition-coverage="100% (2/2)">
							<conditions>
								<condition number="0" type="jump" coverage="100%"/>
							</conditions>
						</line>
						<line number="157" hits="78" branch="false"/>
						<line number="164" hits="78" branch="false"/>
						<line number="165" hits="60" branch="false"/>
						<line number="170" hits="16" branch="false"/>
						<line number="175" hits="4" branch="false"/>
						<line number="180" hits="2" branch="false"/>
						<line number="187" hits="2" branch="false"/>
						<line number="192" hits="2" branch="false"/>
						<line number="199" hits="6" branch="false"/>
						<line number="204" hits="6" branch="false"/>
						<line number="209" hits="2" branch="false"/>
						<line number="215" hits="2" branch="false"/>
						<line number="222" hits="2" branch="false"/>
						<line number="230" hits="2" branch="false"/>
						<line number="237" hits="2" branch="false"/>
					</lines>
				</class>
				<class name="com.jcabi.dynamo.AttributeUpdates$AjcClosure1" filename="com/jcabi/dynamo/AttributeUpdates.java" line-rate="1.0" branch-rate="1.0" complexity="1.4210526315789473">
					<methods>
						<method name="&lt;init&gt;" signature="([Ljava/lang/Object;)V" line-rate="1.0" branch-rate="1.0" complexity="0">
							<lines>
							</lines>
						</method>
						<method name="run" signature="([Ljava/lang/Object;)Ljava/lang/Object;" line-rate="1.0" branch-rate="1.0" complexity="0">
							<lines>
								<line number="1" hits="40" branch="false"/>
							</lines>
						</method>
					</methods>
					<lines>
						<line number="1" hits="40" branch="false"/>
					</lines>
				</class>
				<class name="com.jcabi.dynamo.AttributeUpdates$AjcClosure11" filename="com/jcabi/dynamo/AttributeUpdates.java" line-rate="1.0" branch-rate="1.0" complexity="1.4210526315789473">
					<methods>
						<method name="&lt;init&gt;" signature="([Ljava/lang/Object;)V" line-rate="1.0" branch-rate="1.0" complexity="0">
							<lines>
							</lines>
						</method>
						<method name="run" signature="([Ljava/lang/Object;)Ljava/lang/Object;" line-rate="1.0" branch-rate="1.0" complexity="0">
							<lines>
								<line number="1" hits="4" branch="false"/>
							</lines>
						</method>
					</methods>
					<lines>
						<line number="1" hits="4" branch="false"/>
					</lines>
				</class>
				<class name="com.jcabi.dynamo.AttributeUpdates$AjcClosure13" filename="com/jcabi/dynamo/AttributeUpdates.java" line-rate="1.0" branch-rate="1.0" complexity="1.4210526315789473">
					<methods>
						<method name="&lt;init&gt;" signature="([Ljava/lang/Object;)V" line-rate="1.0" branch-rate="1.0" complexity="0">
							<lines>
							</lines>
						</method>
						<method name="run" signature="([Ljava/lang/Object;)Ljava/lang/Object;" line-rate="1.0" branch-rate="1.0" complexity="0">
							<lines>
								<line number="1" hits="2" branch="false"/>
							</lines>
						</method>
					</methods>
					<lines>
						<line number="1" hits="2" branch="false"/>
					</lines>
				</class>
				<class name="com.jcabi.dynamo.AttributeUpdates$AjcClosure15" filename="com/jcabi/dynamo/AttributeUpdates.java" line-rate="1.0" branch-rate="1.0" complexity="1.4210526315789473">
					<methods>
						<method name="&lt;init&gt;" signature="([Ljava/lang/Object;)V" line-rate="1.0" branch-rate="1.0" complexity="0">
							<lines>
							</lines>
						</method>
						<method name="run" signature="([Ljava/lang/Object;)Ljava/lang/Object;" line-rate="1.0" branch-rate="1.0" complexity="0">
							<lines>
								<line number="1" hits="2" branch="false"/>
							</lines>
						</method>
					</methods>
					<lines>
						<line number="1" hits="2" branch="false"/>
					</lines>
				</class>
				<class name="com.jcabi.dynamo.AttributeUpdates$AjcClosure17" filename="com/jcabi/dynamo/AttributeUpdates.java" line-rate="1.0" branch-rate="1.0" complexity="1.4210526315789473">
					<methods>
						<method name="&lt;init&gt;" signature="([Ljava/lang/Object;)V" line-rate="1.0" branch-rate="1.0" complexity="0">
							<lines>
							</lines>
						</method>
						<method name="run" signature="([Ljava/lang/Object;)Ljava/lang/Object;" line-rate="1.0" branch-rate="1.0" complexity="0">
							<lines>
								<line number="1" hits="2" branch="false"/>
							</lines>
						</method>
					</methods>
					<lines>
						<line number="1" hits="2" branch="false"/>
					</lines>
				</class>
				<class name="com.jcabi.dynamo.AttributeUpdates$AjcClosure19" filename="com/jcabi/dynamo/AttributeUpdates.java" line-rate="1.0" branch-rate="1.0" complexity="1.4210526315789473">
					<methods>
						<method name="&lt;init&gt;" signature="([Ljava/lang/Object;)V" line-rate="1.0" branch-rate="1.0" complexity="0">
							<lines>
							</lines>
						</method>
						<method name="run" signature="([Ljava/lang/Object;)Ljava/lang/Object;" line-rate="1.0" branch-rate="1.0" complexity="0">
							<lines>
								<line number="1" hits="6" branch="false"/>
							</lines>
						</method>
					</methods>
					<lines>
						<line number="1" hits="6" branch="false"/>
					</lines>
				</class>
				<class name="com.jcabi.dynamo.AttributeUpdates$AjcClosure21" filename="com/jcabi/dynamo/AttributeUpdates.java" line-rate="1.0" branch-rate="1.0" complexity="1.4210526315789473">
					<methods>
						<method name="&lt;init&gt;" signature="([Ljava/lang/Object;)V" line-rate="1.0" branch-rate="1.0" complexity="0">
							<lines>
							</lines>
						</method>
						<method name="run" signature="([Ljava/lang/Object;)Ljava/lang/Object;" line-rate="1.0" branch-rate="1.0" complexity="0">
							<lines>
								<line number="1" hits="6" branch="false"/>
							</lines>
						</method>
					</methods>
					<lines>
						<line number="1" hits="6" branch="false"/>
					</lines>
				</class>
				<class name="com.jcabi.dynamo.AttributeUpdates$AjcClosure23" filename="com/jcabi/dynamo/AttributeUpdates.java" line-rate="1.0" branch-rate="1.0" complexity="1.4210526315789473">
					<methods>
						<method name="&lt;init&gt;" signature="([Ljava/lang/Object;)V" line-rate="1.0" branch-rate="1.0" complexity="0">
							<lines>
							</lines>
						</method>
						<method name="run" signature="([Ljava/lang/Object;)Ljava/lang/Object;" line-rate="1.0" branch-rate="1.0" complexity="0">
							<lines>
								<line number="1" hits="2" branch="false"/>
							</lines>
						</method>
					</methods>
					<lines>
						<line number="1" hits="2" branch="false"/>
					</lines>
				</class>
				<class name="com.jcabi.dynamo.AttributeUpdates$AjcClosure25" filename="com/jcabi/dynamo/AttributeUpdates.java" line-rate="1.0" branch-rate="1.0" complexity="1.4210526315789473">
					<methods>
						<method name="&lt;init&gt;" signature="([Ljava/lang/Object;)V" line-rate="1.0" branch-rate="1.0" complexity="0">
							<lines>
							</lines>
						</method>
						<method name="run" signature="([Ljava/lang/Object;)Ljava/lang/Object;" line-rate="1.0" branch-rate="1.0" complexity="0">
							<lines>
								<line number="1" hits="2" branch="false"/>
							</lines>
						</method>
					</methods>
					<lines>
						<line number="1" hits="2" branch="false"/>
					</lines>
				</class>
				<class name="com.jcabi.dynamo.AttributeUpdates$AjcClosure27" filename="com/jcabi/dynamo/AttributeUpdates.java" line-rate="1.0" branch-rate="1.0" complexity="1.4210526315789473">
					<methods>
						<method name="&lt;init&gt;" signature="([Ljava/lang/Object;)V" line-rate="1.0" branch-rate="1.0" complexity="0">
							<lines>
							</lines>
						</method>
						<method name="run" signature="([Ljava/lang/Object;)Ljava/lang/Object;" line-rate="1.0" branch-rate="1.0" complexity="0">
							<lines>
								<line number="1" hits="2" branch="false"/>
							</lines>
						</method>
					</methods>
					<lines>
						<line number="1" hits="2" branch="false"/>
					</lines>
				</class>
				<class name="com.jcabi.dynamo.AttributeUpdates$AjcClosure29" filename="com/jcabi/dynamo/AttributeUpdates.java" line-rate="1.0" branch-rate="1.0" complexity="1.4210526315789473">
					<methods>
						<method name="&lt;init&gt;" signature="([Ljava/lang/Object;)V" line-rate="1.0" branch-rate="1.0" complexity="0">
							<lines>
							</lines>
						</method>
						<method name="run" signature="([Ljava/lang/Object;)Ljava/lang/Object;" line-rate="1.0" branch-rate="1.0" complexity="0">
							<lines>
								<line number="1" hits="2" branch="false"/>
							</lines>
						</method>
					</methods>
					<lines>
						<line number="1" hits="2" branch="false"/>
					</lines>
				</class>
				<class name="com.jcabi.dynamo.AttributeUpdates$AjcClosure3" filename="com/jcabi/dynamo/AttributeUpdates.java" line-rate="1.0" branch-rate="1.0" complexity="1.4210526315789473">
					<methods>
						<method name="&lt;init&gt;" signature="([Ljava/lang/Object;)V" line-rate="1.0" branch-rate="1.0" complexity="0">
							<lines>
							</lines>
						</method>
						<method name="run" signature="([Ljava/lang/Object;)Ljava/lang/Object;" line-rate="1.0" branch-rate="1.0" complexity="0">
							<lines>
								<line number="1" hits="36" branch="false"/>
							</lines>
						</method>
					</methods>
					<lines>
						<line number="1" hits="36" branch="false"/>
					</lines>
				</class>
				<class name="com.jcabi.dynamo.AttributeUpdates$AjcClosure31" filename="com/jcabi/dynamo/AttributeUpdates.java" line-rate="1.0" branch-rate="1.0" complexity="1.4210526315789473">
					<methods>
						<method name="&lt;init&gt;" signature="([Ljava/lang/Object;)V" line-rate="1.0" branch-rate="1.0" complexity="0">
							<lines>
							</lines>
						</method>
						<method name="run" signature="([Ljava/lang/Object;)Ljava/lang/Object;" line-rate="1.0" branch-rate="1.0" complexity="0">
							<lines>
								<line number="1" hits="2" branch="false"/>
							</lines>
						</method>
					</methods>
					<lines>
						<line number="1" hits="2" branch="false"/>
					</lines>
				</class>
				<class name="com.jcabi.dynamo.AttributeUpdates$AjcClosure5" filename="com/jcabi/dynamo/AttributeUpdates.java" line-rate="1.0" branch-rate="1.0" complexity="1.4210526315789473">
					<methods>
						<method name="&lt;init&gt;" signature="([Ljava/lang/Object;)V" line-rate="1.0" branch-rate="1.0" complexity="0">
							<lines>
							</lines>
						</method>
						<method name="run" signature="([Ljava/lang/Object;)Ljava/lang/Object;" line-rate="1.0" branch-rate="1.0" complexity="0">
							<lines>
								<line number="1" hits="34" branch="false"/>
							</lines>
						</method>
					</methods>
					<lines>
						<line number="1" hits="34" branch="false"/>
					</lines>
				</class>
				<class name="com.jcabi.dynamo.AttributeUpdates$AjcClosure7" filename="com/jcabi/dynamo/AttributeUpdates.java" line-rate="0.0" branch-rate="1.0" complexity="1.4210526315789473">
					<methods>
						<method name="&lt;init&gt;" signature="([Ljava/lang/Object;)V" line-rate="1.0" branch-rate="1.0" complexity="0">
							<lines>
							</lines>
						</method>
						<method name="run" signature="([Ljava/lang/Object;)Ljava/lang/Object;" line-rate="0.0" branch-rate="1.0" complexity="0">
							<lines>
								<line number="1" hits="0" branch="false"/>
							</lines>
						</method>
					</methods>
					<lines>
						<line number="1" hits="0" branch="false"/>
					</lines>
				</class>
				<class name="com.jcabi.dynamo.AttributeUpdates$AjcClosure9" filename="com/jcabi/dynamo/AttributeUpdates.java" line-rate="1.0" branch-rate="1.0" complexity="1.4210526315789473">
					<methods>
						<method name="&lt;init&gt;" signature="([Ljava/lang/Object;)V" line-rate="1.0" branch-rate="1.0" complexity="0">
							<lines>
							</lines>
						</method>
						<method name="run" signature="([Ljava/lang/Object;)Ljava/lang/Object;" line-rate="1.0" branch-rate="1.0" complexity="0">
							<lines>
								<line number="1" hits="16" branch="false"/>
							</lines>
						</method>
					</methods>
					<lines>
						<line number="1" hits="16" branch="false"/>
					</lines>
				</class>
				<class name="com.jcabi.dynamo.Attributes" filename="com/jcabi/dynamo/Attributes.java" line-rate="0.84" branch-rate="0.6785714285714286" complexity="1.6">
					<methods>
						<method name="&lt;clinit&gt;" signature="()V" line-rate="1.0" branch-rate="1.0" complexity="0">
							<lines>
							</lines>
						</method>
						<method name="&lt;init&gt;" signature="()V" line-rate="1.0" branch-rate="1.0" complexity="0">
							<lines>
								<line number="85" hits="25" branch="false"/>
								<line number="86" hits="25" branch="false"/>
							</lines>
						</method>
						<method name="&lt;init&gt;" signature="(Ljava/util/Map;)V" line-rate="1.0" branch-rate="1.0" complexity="0">
							<lines>
								<line number="92" hits="62" branch="false"/>
								<line number="93" hits="62" branch="false"/>
								<line number="94" hits="62" branch="false"/>
							</lines>
						</method>
						<method name="ajc$preClinit" signature="()V" line-rate="1.0" branch-rate="1.0" complexity="0">
							<lines>
								<line number="1" hits="2" branch="false"/>
							</lines>
						</method>
						<method name="asKeys" signature="()Ljava/util/Map;" line-rate="1.0" branch-rate="1.0" complexity="0">
							<lines>
							</lines>
						</method>
						<method name="asKeys_aroundBody4" signature="(Lcom/jcabi/dynamo/Attributes;Lorg/aspectj/lang/JoinPoint;)Ljava/util/Map;" line-rate="1.0" branch-rate="1.0" complexity="0">
							<lines>
								<line number="130" hits="2" branch="false"/>
								<line number="133" hits="1" branch="true" condition-coverage="100% (2/2)">
									<conditions>
										<condition number="0" type="jump" coverage="100%"/>
									</conditions>
								</line>
								<line number="134" hits="1" branch="false"/>
								<line number="138" hits="1" branch="false"/>
								<line number="139" hits="1" branch="false"/>
							</lines>
						</method>
						<method name="clear" signature="()V" line-rate="1.0" branch-rate="1.0" complexity="0">
							<lines>
							</lines>
						</method>
						<method name="clear_aroundBody32" signature="(Lcom/jcabi/dynamo/Attributes;Lorg/aspectj/lang/JoinPoint;)V" line-rate="0.0" branch-rate="1.0" complexity="0">
							<lines>
								<line number="264" hits="0" branch="false"/>
							</lines>
						</method>
						<method name="containsKey" signature="(Ljava/lang/Object;)Z" line-rate="1.0" branch-rate="1.0" complexity="0">
							<lines>
							</lines>
						</method>
						<method name="containsKey_aroundBody14" signature="(Lcom/jcabi/dynamo/Attributes;Ljava/lang/Object;Lorg/aspectj/lang/JoinPoint;)Z" line-rate="0.0" branch-rate="1.0" complexity="0">
							<lines>
								<line number="208" hits="0" branch="false"/>
							</lines>
						</method>
						<method name="containsValue" signature="(Ljava/lang/Object;)Z" line-rate="1.0" branch-rate="1.0" complexity="0">
							<lines>
							</lines>
						</method>
						<method name="containsValue_aroundBody16" signature="(Lcom/jcabi/dynamo/Attributes;Ljava/lang/Object;Lorg/aspectj/lang/JoinPoint;)Z" line-rate="0.0" branch-rate="1.0" complexity="0">
							<lines>
								<line number="215" hits="0" branch="false"/>
							</lines>
						</method>
						<method name="entrySet" signature="()Ljava/util/Set;" line-rate="1.0" branch-rate="1.0" complexity="0">
							<lines>
							</lines>
						</method>
						<method name="entrySet_aroundBody24" signature="(Lcom/jcabi/dynamo/Attributes;Lorg/aspectj/lang/JoinPoint;)Ljava/util/Set;" line-rate="1.0" branch-rate="1.0" complexity="0">
							<lines>
								<line number="237" hits="38" branch="false"/>
							</lines>
						</method>
						<method name="equals" signature="(Ljava/lang/Object;)Z" line-rate="1.0" branch-rate="1.0" complexity="0">
							<lines>
							</lines>
						</method>
						<method name="get" signature="(Ljava/lang/Object;)Lcom/amazonaws/services/dynamodbv2/model/AttributeValue;" line-rate="1.0" branch-rate="1.0" complexity="0">
							<lines>
							</lines>
						</method>
						<method name="get" signature="(Ljava/lang/Object;)Ljava/lang/Object;" line-rate="0.0" branch-rate="1.0" complexity="0">
							<lines>
								<line number="64" hits="0" branch="false"/>
							</lines>
						</method>
						<method name="get_aroundBody18" signature="(Lcom/jcabi/dynamo/Attributes;Ljava/lang/Object;Lorg/aspectj/lang/JoinPoint;)Lcom/amazonaws/services/dynamodbv2/model/AttributeValue;" line-rate="1.0" branch-rate="1.0" complexity="0">
							<lines>
								<line number="220" hits="8" branch="false"/>
							</lines>
						</method>
						<method name="hashCode" signature="()I" line-rate="1.0" branch-rate="0.3333333333333333" complexity="0">
							<lines>
								<line number="66" hits="1" branch="true" condition-coverage="33% (4/12)">
									<conditions>
										<condition number="0" type="jump" coverage="50%"/>
										<condition number="1" type="jump" coverage="50%"/>
										<condition number="2" type="jump" coverage="50%"/>
										<condition number="3" type="jump" coverage="0%"/>
										<condition number="4" type="jump" coverage="50%"/>
										<condition number="5" type="jump" coverage="0%"/>
									</conditions>
								</line>
							</lines>
						</method>
						<method name="isEmpty" signature="()Z" line-rate="1.0" branch-rate="1.0" complexity="0">
							<lines>
							</lines>
						</method>
						<method name="isEmpty_aroundBody12" signature="(Lcom/jcabi/dynamo/Attributes;Lorg/aspectj/lang/JoinPoint;)Z" line-rate="0.0" branch-rate="1.0" complexity="0">
							<lines>
								<line number="203" hits="0" branch="false"/>
							</lines>
						</method>
						<method name="keySet" signature="()Ljava/util/Set;" line-rate="1.0" branch-rate="1.0" complexity="0">
							<lines>
							</lines>
						</method>
						<method name="keySet_aroundBody20" signature="(Lcom/jcabi/dynamo/Attributes;Lorg/aspectj/lang/JoinPoint;)Ljava/util/Set;" line-rate="1.0" branch-rate="1.0" complexity="0">
							<lines>
								<line number="227" hits="20" branch="false"/>
							</lines>
						</method>
						<method name="only" signature="(Ljava/util/Collection;)Lcom/jcabi/dynamo/Attributes;" line-rate="1.0" branch-rate="1.0" complexity="0">
							<lines>
							</lines>
						</method>
						<method name="only_aroundBody8" signature="(Lcom/jcabi/dynamo/Attributes;Ljava/util/Collection;Lorg/aspectj/lang/JoinPoint;)Lcom/jcabi/dynamo/Attributes;" line-rate="1.0" branch-rate="1.0" complexity="0">
							<lines>
								<line number="165" hits="6" branch="false"/>
								<line number="167" hits="3" branch="false"/>
								<line number="168" hits="3" branch="true" condition-coverage="100% (2/2)">
									<conditions>
										<condition number="0" type="jump" coverage="100%"/>
									</conditions>
								</line>
								<line number="169" hits="3" branch="false"/>
								<line number="170" hits="3" branch="false"/>
								<line number="171" hits="3" branch="true" condition-coverage="100% (2/2)">
									<conditions>
										<condition number="0" type="jump" coverage="100%"/>
									</conditions>
								</line>
								<line number="172" hits="4" branch="true" condition-coverage="100% (2/2)">
									<conditions>
										<condition number="0" type="jump" coverage="100%"/>
									</conditions>
								</line>
								<line number="173" hits="1" branch="false"/>
								<line number="175" hits="4" branch="false"/>
								<line number="176" hits="3" branch="false"/>
							</lines>
						</method>
						<method name="put" signature="(Ljava/lang/Object;Ljava/lang/Object;)Ljava/lang/Object;" line-rate="1.0" branch-rate="1.0" complexity="0">
							<lines>
							</lines>
						</method>
						<method name="put" signature="(Ljava/lang/String;Lcom/amazonaws/services/dynamodbv2/model/AttributeValue;)Lcom/amazonaws/services/dynamodbv2/model/AttributeValue;" line-rate="1.0" branch-rate="1.0" complexity="0">
							<lines>
							</lines>
						</method>
						<method name="putAll" signature="(Ljava/util/Map;)V" line-rate="1.0" branch-rate="1.0" complexity="0">
							<lines>
							</lines>
						</method>
						<method name="putAll_aroundBody30" signature="(Lcom/jcabi/dynamo/Attributes;Ljava/util/Map;Lorg/aspectj/lang/JoinPoint;)V" line-rate="0.0" branch-rate="1.0" complexity="0">
							<lines>
								<line number="257" hits="0" branch="false"/>
							</lines>
						</method>
						<method name="put_aroundBody26" signature="(Lcom/jcabi/dynamo/Attributes;Ljava/lang/String;Lcom/amazonaws/services/dynamodbv2/model/AttributeValue;Lorg/aspectj/lang/JoinPoint;)Lcom/amazonaws/services/dynamodbv2/model/AttributeValue;" line-rate="0.0" branch-rate="1.0" complexity="0">
							<lines>
								<line number="242" hits="0" branch="false"/>
							</lines>
						</method>
						<method name="remove" signature="(Ljava/lang/Object;)Lcom/amazonaws/services/dynamodbv2/model/AttributeValue;" line-rate="1.0" branch-rate="1.0" complexity="0">
							<lines>
							</lines>
						</method>
						<method name="remove" signature="(Ljava/lang/Object;)Ljava/lang/Object;" line-rate="1.0" branch-rate="1.0" complexity="0">
							<lines>
							</lines>
						</method>
						<method name="remove_aroundBody28" signature="(Lcom/jcabi/dynamo/Attributes;Ljava/lang/Object;Lorg/aspectj/lang/JoinPoint;)Lcom/amazonaws/services/dynamodbv2/model/AttributeValue;" line-rate="0.0" branch-rate="1.0" complexity="0">
							<lines>
								<line number="249" hits="0" branch="false"/>
							</lines>
						</method>
						<method name="size" signature="()I" line-rate="1.0" branch-rate="1.0" complexity="0">
							<lines>
							</lines>
						</method>
						<method name="size_aroundBody10" signature="(Lcom/jcabi/dynamo/Attributes;Lorg/aspectj/lang/JoinPoint;)I" line-rate="1.0" branch-rate="1.0" complexity="0">
							<lines>
								<line number="198" hits="10" branch="false"/>
							</lines>
						</method>
						<method name="toString" signature="()Ljava/lang/String;" line-rate="1.0" branch-rate="1.0" complexity="0">
							<lines>
								<line number="181" hits="78" branch="false"/>
								<line number="184" hits="78" branch="true" condition-coverage="100% (2/2)">
									<conditions>
										<condition number="0" type="jump" coverage="100%"/>
									</conditions>
								</line>
								<line number="185" hits="97" branch="false"/>
								<line number="192" hits="97" branch="false"/>
								<line number="193" hits="78" branch="false"/>
							</lines>
						</method>
						<method name="values" signature="()Ljava/util/Collection;" line-rate="1.0" branch-rate="1.0" complexity="0">
							<lines>
							</lines>
						</method>
						<method name="values_aroundBody22" signature="(Lcom/jcabi/dynamo/Attributes;Lorg/aspectj/lang/JoinPoint;)Ljava/util/Collection;" line-rate="1.0" branch-rate="1.0" complexity="0">
							<lines>
								<line number="232" hits="14" branch="false"/>
							</lines>
						</method>
						<method name="with" signature="(Ljava/lang/String;Lcom/amazonaws/services/dynamodbv2/model/AttributeValue;)Lcom/jcabi/dynamo/Attributes;" line-rate="1.0" branch-rate="1.0" complexity="0">
							<lines>
							</lines>
						</method>
						<method name="with" signature="(Ljava/lang/String;Ljava/lang/Object;)Lcom/jcabi/dynamo/Attributes;" line-rate="1.0" branch-rate="1.0" complexity="0">
							<lines>
							</lines>
						</method>
						<method name="with" signature="(Ljava/util/Map;)Lcom/jcabi/dynamo/Attributes;" line-rate="1.0" branch-rate="1.0" complexity="0">
							<lines>
							</lines>
						</method>
						<method name="with_aroundBody0" signature="(Lcom/jcabi/dynamo/Attributes;Ljava/lang/String;Lcom/amazonaws/services/dynamodbv2/model/AttributeValue;Lorg/aspectj/lang/JoinPoint;)Lcom/jcabi/dynamo/Attributes;" line-rate="1.0" branch-rate="1.0" complexity="0">
							<lines>
								<line number="103" hits="56" branch="false"/>
							</lines>
						</method>
						<method name="with_aroundBody2" signature="(Lcom/jcabi/dynamo/Attributes;Ljava/util/Map;Lorg/aspectj/lang/JoinPoint;)Lcom/jcabi/dynamo/Attributes;" line-rate="1.0" branch-rate="1.0" complexity="0">
							<lines>
								<line number="114" hits="2" branch="false"/>
								<line number="116" hits="1" branch="true" condition-coverage="100% (2/2)">
									<conditions>
										<condition number="0" type="jump" coverage="100%"/>
									</conditions>
								</line>
								<line number="117" hits="2" branch="false"/>
								<line number="121" hits="2" branch="false"/>
								<line number="122" hits="1" branch="false"/>
							</lines>
						</method>
						<method name="with_aroundBody6" signature="(Lcom/jcabi/dynamo/Attributes;Ljava/lang/String;Ljava/lang/Object;Lorg/aspectj/lang/JoinPoint;)Lcom/jcabi/dynamo/Attributes;" line-rate="1.0" branch-rate="0.75" complexity="0">
							<lines>
								<line number="151" hits="48" branch="true" condition-coverage="75% (3/4)">
									<conditions>
										<condition number="0" type="jump" coverage="50%"/>
										<condition number="1" type="jump" coverage="100%"/>
									</conditions>
								</line>
								<line number="152" hits="3" branch="false"/>
								<line number="154" hits="21" branch="false"/>
								<line number="156" hits="24" branch="false"/>
							</lines>
						</method>
					</methods>
					<lines>
						<line number="1" hits="2" branch="false"/>
						<line number="64" hits="0" branch="false"/>
						<line number="66" hits="1" branch="true" condition-coverage="33% (4/12)">
							<conditions>
								<condition number="0" type="jump" coverage="50%"/>
								<condition number="1" type="jump" coverage="50%"/>
								<condition number="2" type="jump" coverage="50%"/>
								<condition number="3" type="jump" coverage="0%"/>
								<condition number="4" type="jump" coverage="50%"/>
								<condition number="5" type="jump" coverage="0%"/>
							</conditions>
						</line>
						<line number="85" hits="25" branch="false"/>
						<line number="86" hits="25" branch="false"/>
						<line number="92" hits="62" branch="false"/>
						<line number="93" hits="62" branch="false"/>
						<line number="94" hits="62" branch="false"/>
						<line number="103" hits="56" branch="false"/>
						<line number="114" hits="2" branch="false"/>
						<line number="116" hits="1" branch="true" condition-coverage="100% (2/2)">
							<conditions>
								<condition number="0" type="jump" coverage="100%"/>
							</conditions>
						</line>
						<line number="117" hits="2" branch="false"/>
						<line number="121" hits="2" branch="false"/>
						<line number="122" hits="1" branch="false"/>
						<line number="130" hits="2" branch="false"/>
						<line number="133" hits="1" branch="true" condition-coverage="100% (2/2)">
							<conditions>
								<condition number="0" type="jump" coverage="100%"/>
							</conditions>
						</line>
						<line number="134" hits="1" branch="false"/>
						<line number="138" hits="1" branch="false"/>
						<line number="139" hits="1" branch="false"/>
						<line number="151" hits="48" branch="true" condition-coverage="75% (3/4)">
							<conditions>
								<condition number="0" type="jump" coverage="50%"/>
								<condition number="1" type="jump" coverage="100%"/>
							</conditions>
						</line>
						<line number="152" hits="3" branch="false"/>
						<line number="154" hits="21" branch="false"/>
						<line number="156" hits="24" branch="false"/>
						<line number="165" hits="6" branch="false"/>
						<line number="167" hits="3" branch="false"/>
						<line number="168" hits="3" branch="true" condition-coverage="100% (2/2)">
							<conditions>
								<condition number="0" type="jump" coverage="100%"/>
							</conditions>
						</line>
						<line number="169" hits="3" branch="false"/>
						<line number="170" hits="3" branch="false"/>
						<line number="171" hits="3" branch="true" condition-coverage="100% (2/2)">
							<conditions>
								<condition number="0" type="jump" coverage="100%"/>
							</conditions>
						</line>
						<line number="172" hits="4" branch="true" condition-coverage="100% (2/2)">
							<conditions>
								<condition number="0" type="jump" coverage="100%"/>
							</conditions>
						</line>
						<line number="173" hits="1" branch="false"/>
						<line number="175" hits="4" branch="false"/>
						<line number="176" hits="3" branch="false"/>
						<line number="181" hits="78" branch="false"/>
						<line number="184" hits="78" branch="true" condition-coverage="100% (2/2)">
							<conditions>
								<condition number="0" type="jump" coverage="100%"/>
							</conditions>
						</line>
						<line number="185" hits="97" branch="false"/>
						<line number="192" hits="97" branch="false"/>
						<line number="193" hits="78" branch="false"/>
						<line number="198" hits="10" branch="false"/>
						<line number="203" hits="0" branch="false"/>
						<line number="208" hits="0" branch="false"/>
						<line number="215" hits="0" branch="false"/>
						<line number="220" hits="8" branch="false"/>
						<line number="227" hits="20" branch="false"/>
						<line number="232" hits="14" branch="false"/>
						<line number="237" hits="38" branch="false"/>
						<line number="242" hits="0" branch="false"/>
						<line number="249" hits="0" branch="false"/>
						<line number="257" hits="0" branch="false"/>
						<line number="264" hits="0" branch="false"/>
					</lines>
				</class>
				<class name="com.jcabi.dynamo.Attributes$AjcClosure1" filename="com/jcabi/dynamo/Attributes.java" line-rate="1.0" branch-rate="1.0" complexity="1.6">
					<methods>
						<method name="&lt;init&gt;" signature="([Ljava/lang/Object;)V" line-rate="1.0" branch-rate="1.0" complexity="0">
							<lines>
							</lines>
						</method>
						<method name="run" signature="([Ljava/lang/Object;)Ljava/lang/Object;" line-rate="1.0" branch-rate="1.0" complexity="0">
							<lines>
								<line number="1" hits="56" branch="false"/>
							</lines>
						</method>
					</methods>
					<lines>
						<line number="1" hits="56" branch="false"/>
					</lines>
				</class>
				<class name="com.jcabi.dynamo.Attributes$AjcClosure11" filename="com/jcabi/dynamo/Attributes.java" line-rate="1.0" branch-rate="1.0" complexity="1.6">
					<methods>
						<method name="&lt;init&gt;" signature="([Ljava/lang/Object;)V" line-rate="1.0" branch-rate="1.0" complexity="0">
							<lines>
							</lines>
						</method>
						<method name="run" signature="([Ljava/lang/Object;)Ljava/lang/Object;" line-rate="1.0" branch-rate="1.0" complexity="0">
							<lines>
								<line number="1" hits="10" branch="false"/>
							</lines>
						</method>
					</methods>
					<lines>
						<line number="1" hits="10" branch="false"/>
					</lines>
				</class>
				<class name="com.jcabi.dynamo.Attributes$AjcClosure13" filename="com/jcabi/dynamo/Attributes.java" line-rate="0.0" branch-rate="1.0" complexity="1.6">
					<methods>
						<method name="&lt;init&gt;" signature="([Ljava/lang/Object;)V" line-rate="1.0" branch-rate="1.0" complexity="0">
							<lines>
							</lines>
						</method>
						<method name="run" signature="([Ljava/lang/Object;)Ljava/lang/Object;" line-rate="0.0" branch-rate="1.0" complexity="0">
							<lines>
								<line number="1" hits="0" branch="false"/>
							</lines>
						</method>
					</methods>
					<lines>
						<line number="1" hits="0" branch="false"/>
					</lines>
				</class>
				<class name="com.jcabi.dynamo.Attributes$AjcClosure15" filename="com/jcabi/dynamo/Attributes.java" line-rate="0.0" branch-rate="1.0" complexity="1.6">
					<methods>
						<method name="&lt;init&gt;" signature="([Ljava/lang/Object;)V" line-rate="1.0" branch-rate="1.0" complexity="0">
							<lines>
							</lines>
						</method>
						<method name="run" signature="([Ljava/lang/Object;)Ljava/lang/Object;" line-rate="0.0" branch-rate="1.0" complexity="0">
							<lines>
								<line number="1" hits="0" branch="false"/>
							</lines>
						</method>
					</methods>
					<lines>
						<line number="1" hits="0" branch="false"/>
					</lines>
				</class>
				<class name="com.jcabi.dynamo.Attributes$AjcClosure17" filename="com/jcabi/dynamo/Attributes.java" line-rate="0.0" branch-rate="1.0" complexity="1.6">
					<methods>
						<method name="&lt;init&gt;" signature="([Ljava/lang/Object;)V" line-rate="1.0" branch-rate="1.0" complexity="0">
							<lines>
							</lines>
						</method>
						<method name="run" signature="([Ljava/lang/Object;)Ljava/lang/Object;" line-rate="0.0" branch-rate="1.0" complexity="0">
							<lines>
								<line number="1" hits="0" branch="false"/>
							</lines>
						</method>
					</methods>
					<lines>
						<line number="1" hits="0" branch="false"/>
					</lines>
				</class>
				<class name="com.jcabi.dynamo.Attributes$AjcClosure19" filename="com/jcabi/dynamo/Attributes.java" line-rate="1.0" branch-rate="1.0" complexity="1.6">
					<methods>
						<method name="&lt;init&gt;" signature="([Ljava/lang/Object;)V" line-rate="1.0" branch-rate="1.0" complexity="0">
							<lines>
							</lines>
						</method>
						<method name="run" signature="([Ljava/lang/Object;)Ljava/lang/Object;" line-rate="1.0" branch-rate="1.0" complexity="0">
							<lines>
								<line number="1" hits="8" branch="false"/>
							</lines>
						</method>
					</methods>
					<lines>
						<line number="1" hits="8" branch="false"/>
					</lines>
				</class>
				<class name="com.jcabi.dynamo.Attributes$AjcClosure21" filename="com/jcabi/dynamo/Attributes.java" line-rate="1.0" branch-rate="1.0" complexity="1.6">
					<methods>
						<method name="&lt;init&gt;" signature="([Ljava/lang/Object;)V" line-rate="1.0" branch-rate="1.0" complexity="0">
							<lines>
							</lines>
						</method>
						<method name="run" signature="([Ljava/lang/Object;)Ljava/lang/Object;" line-rate="1.0" branch-rate="1.0" complexity="0">
							<lines>
								<line number="1" hits="20" branch="false"/>
							</lines>
						</method>
					</methods>
					<lines>
						<line number="1" hits="20" branch="false"/>
					</lines>
				</class>
				<class name="com.jcabi.dynamo.Attributes$AjcClosure23" filename="com/jcabi/dynamo/Attributes.java" line-rate="1.0" branch-rate="1.0" complexity="1.6">
					<methods>
						<method name="&lt;init&gt;" signature="([Ljava/lang/Object;)V" line-rate="1.0" branch-rate="1.0" complexity="0">
							<lines>
							</lines>
						</method>
						<method name="run" signature="([Ljava/lang/Object;)Ljava/lang/Object;" line-rate="1.0" branch-rate="1.0" complexity="0">
							<lines>
								<line number="1" hits="14" branch="false"/>
							</lines>
						</method>
					</methods>
					<lines>
						<line number="1" hits="14" branch="false"/>
					</lines>
				</class>
				<class name="com.jcabi.dynamo.Attributes$AjcClosure25" filename="com/jcabi/dynamo/Attributes.java" line-rate="1.0" branch-rate="1.0" complexity="1.6">
					<methods>
						<method name="&lt;init&gt;" signature="([Ljava/lang/Object;)V" line-rate="1.0" branch-rate="1.0" complexity="0">
							<lines>
							</lines>
						</method>
						<method name="run" signature="([Ljava/lang/Object;)Ljava/lang/Object;" line-rate="1.0" branch-rate="1.0" complexity="0">
							<lines>
								<line number="1" hits="38" branch="false"/>
							</lines>
						</method>
					</methods>
					<lines>
						<line number="1" hits="38" branch="false"/>
					</lines>
				</class>
				<class name="com.jcabi.dynamo.Attributes$AjcClosure27" filename="com/jcabi/dynamo/Attributes.java" line-rate="0.0" branch-rate="1.0" complexity="1.6">
					<methods>
						<method name="&lt;init&gt;" signature="([Ljava/lang/Object;)V" line-rate="1.0" branch-rate="1.0" complexity="0">
							<lines>
							</lines>
						</method>
						<method name="run" signature="([Ljava/lang/Object;)Ljava/lang/Object;" line-rate="0.0" branch-rate="1.0" complexity="0">
							<lines>
								<line number="1" hits="0" branch="false"/>
							</lines>
						</method>
					</methods>
					<lines>
						<line number="1" hits="0" branch="false"/>
					</lines>
				</class>
				<class name="com.jcabi.dynamo.Attributes$AjcClosure29" filename="com/jcabi/dynamo/Attributes.java" line-rate="0.0" branch-rate="1.0" complexity="1.6">
					<methods>
						<method name="&lt;init&gt;" signature="([Ljava/lang/Object;)V" line-rate="1.0" branch-rate="1.0" complexity="0">
							<lines>
							</lines>
						</method>
						<method name="run" signature="([Ljava/lang/Object;)Ljava/lang/Object;" line-rate="0.0" branch-rate="1.0" complexity="0">
							<lines>
								<line number="1" hits="0" branch="false"/>
							</lines>
						</method>
					</methods>
					<lines>
						<line number="1" hits="0" branch="false"/>
					</lines>
				</class>
				<class name="com.jcabi.dynamo.Attributes$AjcClosure3" filename="com/jcabi/dynamo/Attributes.java" line-rate="1.0" branch-rate="1.0" complexity="1.6">
					<methods>
						<method name="&lt;init&gt;" signature="([Ljava/lang/Object;)V" line-rate="1.0" branch-rate="1.0" complexity="0">
							<lines>
							</lines>
						</method>
						<method name="run" signature="([Ljava/lang/Object;)Ljava/lang/Object;" line-rate="1.0" branch-rate="1.0" complexity="0">
							<lines>
								<line number="1" hits="2" branch="false"/>
							</lines>
						</method>
					</methods>
					<lines>
						<line number="1" hits="2" branch="false"/>
					</lines>
				</class>
				<class name="com.jcabi.dynamo.Attributes$AjcClosure31" filename="com/jcabi/dynamo/Attributes.java" line-rate="0.0" branch-rate="1.0" complexity="1.6">
					<methods>
						<method name="&lt;init&gt;" signature="([Ljava/lang/Object;)V" line-rate="1.0" branch-rate="1.0" complexity="0">
							<lines>
							</lines>
						</method>
						<method name="run" signature="([Ljava/lang/Object;)Ljava/lang/Object;" line-rate="0.0" branch-rate="1.0" complexity="0">
							<lines>
								<line number="1" hits="0" branch="false"/>
							</lines>
						</method>
					</methods>
					<lines>
						<line number="1" hits="0" branch="false"/>
					</lines>
				</class>
				<class name="com.jcabi.dynamo.Attributes$AjcClosure33" filename="com/jcabi/dynamo/Attributes.java" line-rate="0.0" branch-rate="1.0" complexity="1.6">
					<methods>
						<method name="&lt;init&gt;" signature="([Ljava/lang/Object;)V" line-rate="1.0" branch-rate="1.0" complexity="0">
							<lines>
							</lines>
						</method>
						<method name="run" signature="([Ljava/lang/Object;)Ljava/lang/Object;" line-rate="0.0" branch-rate="1.0" complexity="0">
							<lines>
								<line number="1" hits="0" branch="false"/>
							</lines>
						</method>
					</methods>
					<lines>
						<line number="1" hits="0" branch="false"/>
					</lines>
				</class>
				<class name="com.jcabi.dynamo.Attributes$AjcClosure5" filename="com/jcabi/dynamo/Attributes.java" line-rate="1.0" branch-rate="1.0" complexity="1.6">
					<methods>
						<method name="&lt;init&gt;" signature="([Ljava/lang/Object;)V" line-rate="1.0" branch-rate="1.0" complexity="0">
							<lines>
							</lines>
						</method>
						<method name="run" signature="([Ljava/lang/Object;)Ljava/lang/Object;" line-rate="1.0" branch-rate="1.0" complexity="0">
							<lines>
								<line number="1" hits="2" branch="false"/>
							</lines>
						</method>
					</methods>
					<lines>
						<line number="1" hits="2" branch="false"/>
					</lines>
				</class>
				<class name="com.jcabi.dynamo.Attributes$AjcClosure7" filename="com/jcabi/dynamo/Attributes.java" line-rate="1.0" branch-rate="1.0" complexity="1.6">
					<methods>
						<method name="&lt;init&gt;" signature="([Ljava/lang/Object;)V" line-rate="1.0" branch-rate="1.0" complexity="0">
							<lines>
							</lines>
						</method>
						<method name="run" signature="([Ljava/lang/Object;)Ljava/lang/Object;" line-rate="1.0" branch-rate="1.0" complexity="0">
							<lines>
								<line number="1" hits="48" branch="false"/>
							</lines>
						</method>
					</methods>
					<lines>
						<line number="1" hits="48" branch="false"/>
					</lines>
				</class>
				<class name="com.jcabi.dynamo.Attributes$AjcClosure9" filename="com/jcabi/dynamo/Attributes.java" line-rate="1.0" branch-rate="1.0" complexity="1.6">
					<methods>
						<method name="&lt;init&gt;" signature="([Ljava/lang/Object;)V" line-rate="1.0" branch-rate="1.0" complexity="0">
							<lines>
							</lines>
						</method>
						<method name="run" signature="([Ljava/lang/Object;)Ljava/lang/Object;" line-rate="1.0" branch-rate="1.0" complexity="0">
							<lines>
								<line number="1" hits="6" branch="false"/>
							</lines>
						</method>
					</methods>
					<lines>
						<line number="1" hits="6" branch="false"/>
					</lines>
				</class>
				<class name="com.jcabi.dynamo.AwsFrame" filename="com/jcabi/dynamo/AwsFrame.java" line-rate="0.5217391304347826" branch-rate="0.021739130434782608" complexity="1.6666666666666667">
					<methods>
						<method name="&lt;clinit&gt;" signature="()V" line-rate="1.0" branch-rate="1.0" complexity="0">
							<lines>
							</lines>
						</method>
						<method name="&lt;init&gt;" signature="(Lcom/jcabi/dynamo/Credentials;Lcom/jcabi/dynamo/AwsTable;Ljava/lang/String;)V" line-rate="1.0" branch-rate="1.0" complexity="0">
							<lines>
								<line number="92" hits="4" branch="false"/>
								<line number="93" hits="4" branch="false"/>
							</lines>
						</method>
						<method name="&lt;init&gt;" signature="(Lcom/jcabi/dynamo/Credentials;Lcom/jcabi/dynamo/AwsTable;Ljava/lang/String;Lcom/jcabi/dynamo/Conditions;Lcom/jcabi/dynamo/Valve;)V" line-rate="1.0" branch-rate="1.0" complexity="0">
							<lines>
								<line number="106" hits="4" branch="false"/>
								<line number="107" hits="4" branch="false"/>
								<line number="108" hits="4" branch="false"/>
								<line number="109" hits="4" branch="false"/>
								<line number="110" hits="4" branch="false"/>
								<line number="111" hits="4" branch="false"/>
								<line number="112" hits="4" branch="false"/>
							</lines>
						</method>
						<method name="ajc$preClinit" signature="()V" line-rate="1.0" branch-rate="1.0" complexity="0">
							<lines>
								<line number="1" hits="2" branch="false"/>
							</lines>
						</method>
						<method name="canEqual" signature="(Ljava/lang/Object;)Z" line-rate="1.0" branch-rate="1.0" complexity="0">
							<lines>
							</lines>
						</method>
						<method name="equals" signature="(Ljava/lang/Object;)Z" line-rate="1.0" branch-rate="1.0" complexity="0">
							<lines>
							</lines>
						</method>
						<method name="hashCode" signature="()I" line-rate="1.0" branch-rate="0.021739130434782608" complexity="0">
							<lines>
								<line number="52" hits="1" branch="true" condition-coverage="2% (1/46)">
									<conditions>
										<condition number="0" type="jump" coverage="50%"/>
										<condition number="1" type="jump" coverage="0%"/>
										<condition number="2" type="jump" coverage="0%"/>
										<condition number="3" type="jump" coverage="0%"/>
										<condition number="4" type="jump" coverage="0%"/>
										<condition number="5" type="jump" coverage="0%"/>
										<condition number="6" type="jump" coverage="0%"/>
										<condition number="7" type="jump" coverage="0%"/>
										<condition number="8" type="jump" coverage="0%"/>
										<condition number="9" type="jump" coverage="0%"/>
										<condition number="10" type="jump" coverage="0%"/>
										<condition number="11" type="jump" coverage="0%"/>
										<condition number="12" type="jump" coverage="0%"/>
										<condition number="13" type="jump" coverage="0%"/>
										<condition number="14" type="jump" coverage="0%"/>
										<condition number="15" type="jump" coverage="0%"/>
										<condition number="16" type="jump" coverage="0%"/>
										<condition number="17" type="jump" coverage="0%"/>
										<condition number="18" type="jump" coverage="0%"/>
										<condition number="19" type="jump" coverage="0%"/>
										<condition number="20" type="jump" coverage="0%"/>
										<condition number="21" type="jump" coverage="0%"/>
										<condition number="22" type="jump" coverage="0%"/>
									</conditions>
								</line>
							</lines>
						</method>
						<method name="iterator" signature="()Ljava/util/Iterator;" line-rate="1.0" branch-rate="1.0" complexity="0">
							<lines>
							</lines>
						</method>
						<method name="iterator_aroundBody0" signature="(Lcom/jcabi/dynamo/AwsFrame;Lorg/aspectj/lang/JoinPoint;)Ljava/util/Iterator;" line-rate="0.0" branch-rate="1.0" complexity="0">
							<lines>
								<line number="117" hits="0" branch="false"/>
								<line number="125" hits="0" branch="false"/>
								<line number="126" hits="0" branch="false"/>
							</lines>
						</method>
						<method name="size" signature="()I" line-rate="1.0" branch-rate="1.0" complexity="0">
							<lines>
							</lines>
						</method>
						<method name="size_aroundBody2" signature="(Lcom/jcabi/dynamo/AwsFrame;Lorg/aspectj/lang/JoinPoint;)I" line-rate="0.0" branch-rate="1.0" complexity="0">
							<lines>
								<line number="133" hits="0" branch="false"/>
								<line number="136" hits="0" branch="false"/>
								<line number="137" hits="0" branch="false"/>
							</lines>
						</method>
						<method name="table" signature="()Lcom/jcabi/dynamo/Table;" line-rate="1.0" branch-rate="1.0" complexity="0">
							<lines>
							</lines>
						</method>
						<method name="table_aroundBody12" signature="(Lcom/jcabi/dynamo/AwsFrame;Lorg/aspectj/lang/JoinPoint;)Lcom/jcabi/dynamo/Table;" line-rate="0.0" branch-rate="1.0" complexity="0">
							<lines>
								<line number="184" hits="0" branch="false"/>
							</lines>
						</method>
						<method name="through" signature="(Lcom/jcabi/dynamo/Valve;)Lcom/jcabi/dynamo/Frame;" line-rate="1.0" branch-rate="1.0" complexity="0">
							<lines>
							</lines>
						</method>
						<method name="through_aroundBody10" signature="(Lcom/jcabi/dynamo/AwsFrame;Lcom/jcabi/dynamo/Valve;Lorg/aspectj/lang/JoinPoint;)Lcom/jcabi/dynamo/Frame;" line-rate="0.0" branch-rate="1.0" complexity="0">
							<lines>
								<line number="173" hits="0" branch="false"/>
							</lines>
						</method>
						<method name="toString" signature="()Ljava/lang/String;" line-rate="1.0" branch-rate="1.0" complexity="0">
							<lines>
								<line number="51" hits="4" branch="false"/>
							</lines>
						</method>
						<method name="where" signature="(Ljava/lang/String;Lcom/amazonaws/services/dynamodbv2/model/Condition;)Lcom/jcabi/dynamo/Frame;" line-rate="1.0" branch-rate="1.0" complexity="0">
							<lines>
							</lines>
						</method>
						<method name="where" signature="(Ljava/lang/String;Ljava/lang/String;)Lcom/jcabi/dynamo/Frame;" line-rate="1.0" branch-rate="1.0" complexity="0">
							<lines>
							</lines>
						</method>
						<method name="where" signature="(Ljava/util/Map;)Lcom/jcabi/dynamo/Frame;" line-rate="1.0" branch-rate="1.0" complexity="0">
							<lines>
							</lines>
						</method>
						<method name="where_aroundBody4" signature="(Lcom/jcabi/dynamo/AwsFrame;Ljava/lang/String;Ljava/lang/String;Lorg/aspectj/lang/JoinPoint;)Lcom/jcabi/dynamo/Frame;" line-rate="0.0" branch-rate="1.0" complexity="0">
							<lines>
								<line number="146" hits="0" branch="false"/>
							</lines>
						</method>
						<method name="where_aroundBody6" signature="(Lcom/jcabi/dynamo/AwsFrame;Ljava/lang/String;Lcom/amazonaws/services/dynamodbv2/model/Condition;Lorg/aspectj/lang/JoinPoint;)Lcom/jcabi/dynamo/Frame;" line-rate="0.0" branch-rate="1.0" complexity="0">
							<lines>
								<line number="151" hits="0" branch="false"/>
							</lines>
						</method>
						<method name="where_aroundBody8" signature="(Lcom/jcabi/dynamo/AwsFrame;Ljava/util/Map;Lorg/aspectj/lang/JoinPoint;)Lcom/jcabi/dynamo/Frame;" line-rate="0.0" branch-rate="1.0" complexity="0">
							<lines>
								<line number="162" hits="0" branch="false"/>
							</lines>
						</method>
					</methods>
					<lines>
						<line number="1" hits="2" branch="false"/>
						<line number="51" hits="4" branch="false"/>
						<line number="52" hits="1" branch="true" condition-coverage="2% (1/46)">
							<conditions>
								<condition number="0" type="jump" coverage="50%"/>
								<condition number="1" type="jump" coverage="0%"/>
								<condition number="2" type="jump" coverage="0%"/>
								<condition number="3" type="jump" coverage="0%"/>
								<condition number="4" type="jump" coverage="0%"/>
								<condition number="5" type="jump" coverage="0%"/>
								<condition number="6" type="jump" coverage="0%"/>
								<condition number="7" type="jump" coverage="0%"/>
								<condition number="8" type="jump" coverage="0%"/>
								<condition number="9" type="jump" coverage="0%"/>
								<condition number="10" type="jump" coverage="0%"/>
								<condition number="11" type="jump" coverage="0%"/>
								<condition number="12" type="jump" coverage="0%"/>
								<condition number="13" type="jump" coverage="0%"/>
								<condition number="14" type="jump" coverage="0%"/>
								<condition number="15" type="jump" coverage="0%"/>
								<condition number="16" type="jump" coverage="0%"/>
								<condition number="17" type="jump" coverage="0%"/>
								<condition number="18" type="jump" coverage="0%"/>
								<condition number="19" type="jump" coverage="0%"/>
								<condition number="20" type="jump" coverage="0%"/>
								<condition number="21" type="jump" coverage="0%"/>
								<condition number="22" type="jump" coverage="0%"/>
							</conditions>
						</line>
						<line number="92" hits="4" branch="false"/>
						<line number="93" hits="4" branch="false"/>
						<line number="106" hits="4" branch="false"/>
						<line number="107" hits="4" branch="false"/>
						<line number="108" hits="4" branch="false"/>
						<line number="109" hits="4" branch="false"/>
						<line number="110" hits="4" branch="false"/>
						<line number="111" hits="4" branch="false"/>
						<line number="112" hits="4" branch="false"/>
						<line number="117" hits="0" branch="false"/>
						<line number="125" hits="0" branch="false"/>
						<line number="126" hits="0" branch="false"/>
						<line number="133" hits="0" branch="false"/>
						<line number="136" hits="0" branch="false"/>
						<line number="137" hits="0" branch="false"/>
						<line number="146" hits="0" branch="false"/>
						<line number="151" hits="0" branch="false"/>
						<line number="162" hits="0" branch="false"/>
						<line number="173" hits="0" branch="false"/>
						<line number="184" hits="0" branch="false"/>
					</lines>
				</class>
				<class name="com.jcabi.dynamo.AwsFrame$AjcClosure1" filename="com/jcabi/dynamo/AwsFrame.java" line-rate="0.0" branch-rate="1.0" complexity="1.6666666666666667">
					<methods>
						<method name="&lt;init&gt;" signature="([Ljava/lang/Object;)V" line-rate="1.0" branch-rate="1.0" complexity="0">
							<lines>
							</lines>
						</method>
						<method name="run" signature="([Ljava/lang/Object;)Ljava/lang/Object;" line-rate="0.0" branch-rate="1.0" complexity="0">
							<lines>
								<line number="1" hits="0" branch="false"/>
							</lines>
						</method>
					</methods>
					<lines>
						<line number="1" hits="0" branch="false"/>
					</lines>
				</class>
				<class name="com.jcabi.dynamo.AwsFrame$AjcClosure11" filename="com/jcabi/dynamo/AwsFrame.java" line-rate="0.0" branch-rate="1.0" complexity="1.6666666666666667">
					<methods>
						<method name="&lt;init&gt;" signature="([Ljava/lang/Object;)V" line-rate="1.0" branch-rate="1.0" complexity="0">
							<lines>
							</lines>
						</method>
						<method name="run" signature="([Ljava/lang/Object;)Ljava/lang/Object;" line-rate="0.0" branch-rate="1.0" complexity="0">
							<lines>
								<line number="1" hits="0" branch="false"/>
							</lines>
						</method>
					</methods>
					<lines>
						<line number="1" hits="0" branch="false"/>
					</lines>
				</class>
				<class name="com.jcabi.dynamo.AwsFrame$AjcClosure13" filename="com/jcabi/dynamo/AwsFrame.java" line-rate="0.0" branch-rate="1.0" complexity="1.6666666666666667">
					<methods>
						<method name="&lt;init&gt;" signature="([Ljava/lang/Object;)V" line-rate="1.0" branch-rate="1.0" complexity="0">
							<lines>
							</lines>
						</method>
						<method name="run" signature="([Ljava/lang/Object;)Ljava/lang/Object;" line-rate="0.0" branch-rate="1.0" complexity="0">
							<lines>
								<line number="1" hits="0" branch="false"/>
							</lines>
						</method>
					</methods>
					<lines>
						<line number="1" hits="0" branch="false"/>
					</lines>
				</class>
				<class name="com.jcabi.dynamo.AwsFrame$AjcClosure3" filename="com/jcabi/dynamo/AwsFrame.java" line-rate="0.0" branch-rate="1.0" complexity="1.6666666666666667">
					<methods>
						<method name="&lt;init&gt;" signature="([Ljava/lang/Object;)V" line-rate="1.0" branch-rate="1.0" complexity="0">
							<lines>
							</lines>
						</method>
						<method name="run" signature="([Ljava/lang/Object;)Ljava/lang/Object;" line-rate="0.0" branch-rate="1.0" complexity="0">
							<lines>
								<line number="1" hits="0" branch="false"/>
							</lines>
						</method>
					</methods>
					<lines>
						<line number="1" hits="0" branch="false"/>
					</lines>
				</class>
				<class name="com.jcabi.dynamo.AwsFrame$AjcClosure5" filename="com/jcabi/dynamo/AwsFrame.java" line-rate="0.0" branch-rate="1.0" complexity="1.6666666666666667">
					<methods>
						<method name="&lt;init&gt;" signature="([Ljava/lang/Object;)V" line-rate="1.0" branch-rate="1.0" complexity="0">
							<lines>
							</lines>
						</method>
						<method name="run" signature="([Ljava/lang/Object;)Ljava/lang/Object;" line-rate="0.0" branch-rate="1.0" complexity="0">
							<lines>
								<line number="1" hits="0" branch="false"/>
							</lines>
						</method>
					</methods>
					<lines>
						<line number="1" hits="0" branch="false"/>
					</lines>
				</class>
				<class name="com.jcabi.dynamo.AwsFrame$AjcClosure7" filename="com/jcabi/dynamo/AwsFrame.java" line-rate="0.0" branch-rate="1.0" complexity="1.6666666666666667">
					<methods>
						<method name="&lt;init&gt;" signature="([Ljava/lang/Object;)V" line-rate="1.0" branch-rate="1.0" complexity="0">
							<lines>
							</lines>
						</method>
						<method name="run" signature="([Ljava/lang/Object;)Ljava/lang/Object;" line-rate="0.0" branch-rate="1.0" complexity="0">
							<lines>
								<line number="1" hits="0" branch="false"/>
							</lines>
						</method>
					</methods>
					<lines>
						<line number="1" hits="0" branch="false"/>
					</lines>
				</class>
				<class name="com.jcabi.dynamo.AwsFrame$AjcClosure9" filename="com/jcabi/dynamo/AwsFrame.java" line-rate="0.0" branch-rate="1.0" complexity="1.6666666666666667">
					<methods>
						<method name="&lt;init&gt;" signature="([Ljava/lang/Object;)V" line-rate="1.0" branch-rate="1.0" complexity="0">
							<lines>
							</lines>
						</method>
						<method name="run" signature="([Ljava/lang/Object;)Ljava/lang/Object;" line-rate="0.0" branch-rate="1.0" complexity="0">
							<lines>
								<line number="1" hits="0" branch="false"/>
							</lines>
						</method>
					</methods>
					<lines>
						<line number="1" hits="0" branch="false"/>
					</lines>
				</class>
				<class name="com.jcabi.dynamo.AwsItem" filename="com/jcabi/dynamo/AwsItem.java" line-rate="0.24193548387096775" branch-rate="0.2727272727272727" complexity="2.8333333333333335">
					<methods>
						<method name="&lt;clinit&gt;" signature="()V" line-rate="1.0" branch-rate="1.0" complexity="0">
							<lines>
							</lines>
						</method>
						<method name="&lt;init&gt;" signature="(Lcom/jcabi/dynamo/Credentials;Lcom/jcabi/dynamo/AwsFrame;Ljava/lang/String;Lcom/jcabi/dynamo/Attributes;Lcom/jcabi/immutable/Array;)V" line-rate="1.0" branch-rate="1.0" complexity="0">
							<lines>
								<line number="103" hits="5" branch="false"/>
								<line number="104" hits="5" branch="false"/>
								<line number="105" hits="5" branch="false"/>
								<line number="106" hits="5" branch="false"/>
								<line number="107" hits="5" branch="false"/>
								<line number="108" hits="5" branch="false"/>
								<line number="109" hits="5" branch="false"/>
							</lines>
						</method>
						<method name="ajc$preClinit" signature="()V" line-rate="1.0" branch-rate="1.0" complexity="0">
							<lines>
								<line number="1" hits="2" branch="false"/>
							</lines>
						</method>
						<method name="equals" signature="(Ljava/lang/Object;)Z" line-rate="1.0" branch-rate="1.0" complexity="0">
							<lines>
							</lines>
						</method>
						<method name="frame" signature="()Lcom/jcabi/dynamo/Frame;" line-rate="1.0" branch-rate="1.0" complexity="0">
							<lines>
							</lines>
						</method>
						<method name="frame_aroundBody8" signature="(Lcom/jcabi/dynamo/AwsItem;Lorg/aspectj/lang/JoinPoint;)Lcom/jcabi/dynamo/Frame;" line-rate="0.0" branch-rate="1.0" complexity="0">
							<lines>
								<line number="241" hits="0" branch="false"/>
							</lines>
						</method>
						<method name="get" signature="(Ljava/lang/String;)Lcom/amazonaws/services/dynamodbv2/model/AttributeValue;" line-rate="1.0" branch-rate="1.0" complexity="0">
							<lines>
							</lines>
						</method>
						<method name="get_aroundBody2" signature="(Lcom/jcabi/dynamo/AwsItem;Ljava/lang/String;Lorg/aspectj/lang/JoinPoint;)Lcom/amazonaws/services/dynamodbv2/model/AttributeValue;" line-rate="0.23809523809523808" branch-rate="0.5" complexity="0">
							<lines>
								<line number="152" hits="4" branch="false"/>
								<line number="153" hits="2" branch="false"/>
								<line number="154" hits="2" branch="true" condition-coverage="50% (1/2)">
									<conditions>
										<condition number="0" type="jump" coverage="50%"/>
									</conditions>
								</line>
								<line number="155" hits="0" branch="false"/>
								<line number="157" hits="0" branch="false"/>
								<line number="158" hits="0" branch="false"/>
								<line number="159" hits="0" branch="false"/>
								<line number="160" hits="0" branch="false"/>
								<line number="161" hits="0" branch="false"/>
								<line number="162" hits="0" branch="false"/>
								<line number="163" hits="0" branch="false"/>
								<line number="164" hits="0" branch="false"/>
								<line number="165" hits="0" branch="false"/>
								<line number="166" hits="0" branch="false"/>
								<line number="176" hits="0" branch="false"/>
								<line number="177" hits="0" branch="false"/>
								<line number="185" hits="0" branch="false"/>
								<line number="186" hits="0" branch="false"/>
								<line number="188" hits="2" branch="true" condition-coverage="50% (1/2)">
									<conditions>
										<condition number="0" type="jump" coverage="50%"/>
									</conditions>
								</line>
								<line number="189" hits="0" branch="false"/>
								<line number="193" hits="2" branch="false"/>
							</lines>
						</method>
						<method name="has" signature="(Ljava/lang/String;)Z" line-rate="1.0" branch-rate="1.0" complexity="0">
							<lines>
							</lines>
						</method>
						<method name="has_aroundBody0" signature="(Lcom/jcabi/dynamo/AwsItem;Ljava/lang/String;Lorg/aspectj/lang/JoinPoint;)Z" line-rate="0.0" branch-rate="0.0" complexity="0">
							<lines>
								<line number="113" hits="0" branch="false"/>
								<line number="114" hits="0" branch="false"/>
								<line number="115" hits="0" branch="true" condition-coverage="0% (0/2)">
									<conditions>
										<condition number="0" type="jump" coverage="0%"/>
									</conditions>
								</line>
								<line number="116" hits="0" branch="false"/>
								<line number="118" hits="0" branch="false"/>
								<line number="119" hits="0" branch="false"/>
								<line number="120" hits="0" branch="false"/>
								<line number="121" hits="0" branch="false"/>
								<line number="122" hits="0" branch="false"/>
								<line number="123" hits="0" branch="false"/>
								<line number="124" hits="0" branch="false"/>
								<line number="125" hits="0" branch="false"/>
								<line number="126" hits="0" branch="true" condition-coverage="0% (0/2)">
									<conditions>
										<condition number="0" type="jump" coverage="0%"/>
									</conditions>
								</line>
								<line number="127" hits="0" branch="false"/>
								<line number="135" hits="0" branch="false"/>
								<line number="136" hits="0" branch="false"/>
								<line number="144" hits="0" branch="false"/>
								<line number="145" hits="0" branch="false"/>
								<line number="147" hits="0" branch="false"/>
							</lines>
						</method>
						<method name="hashCode" signature="()I" line-rate="1.0" branch-rate="0.2777777777777778" complexity="0">
							<lines>
								<line number="64" hits="1" branch="true" condition-coverage="27% (10/36)">
									<conditions>
										<condition number="0" type="jump" coverage="50%"/>
										<condition number="1" type="jump" coverage="50%"/>
										<condition number="2" type="jump" coverage="50%"/>
										<condition number="3" type="jump" coverage="0%"/>
										<condition number="4" type="jump" coverage="50%"/>
										<condition number="5" type="jump" coverage="50%"/>
										<condition number="6" type="jump" coverage="0%"/>
										<condition number="7" type="jump" coverage="50%"/>
										<condition number="8" type="jump" coverage="50%"/>
										<condition number="9" type="jump" coverage="0%"/>
										<condition number="10" type="jump" coverage="50%"/>
										<condition number="11" type="jump" coverage="50%"/>
										<condition number="12" type="jump" coverage="0%"/>
										<condition number="13" type="jump" coverage="50%"/>
										<condition number="14" type="jump" coverage="0%"/>
										<condition number="15" type="jump" coverage="0%"/>
										<condition number="16" type="jump" coverage="0%"/>
										<condition number="17" type="jump" coverage="0%"/>
									</conditions>
								</line>
							</lines>
						</method>
						<method name="put" signature="(Ljava/lang/String;Lcom/amazonaws/services/dynamodbv2/model/AttributeValueUpdate;)Ljava/util/Map;" line-rate="1.0" branch-rate="1.0" complexity="0">
							<lines>
							</lines>
						</method>
						<method name="put" signature="(Ljava/util/Map;)Ljava/util/Map;" line-rate="1.0" branch-rate="1.0" complexity="0">
							<lines>
							</lines>
						</method>
						<method name="put_aroundBody4" signature="(Lcom/jcabi/dynamo/AwsItem;Ljava/lang/String;Lcom/amazonaws/services/dynamodbv2/model/AttributeValueUpdate;Lorg/aspectj/lang/JoinPoint;)Ljava/util/Map;" line-rate="0.0" branch-rate="1.0" complexity="0">
							<lines>
								<line number="199" hits="0" branch="false"/>
							</lines>
						</method>
						<method name="put_aroundBody6" signature="(Lcom/jcabi/dynamo/AwsItem;Ljava/util/Map;Lorg/aspectj/lang/JoinPoint;)Ljava/util/Map;" line-rate="0.0" branch-rate="1.0" complexity="0">
							<lines>
								<line number="205" hits="0" branch="false"/>
								<line number="206" hits="0" branch="false"/>
								<line number="208" hits="0" branch="false"/>
								<line number="215" hits="0" branch="false"/>
								<line number="216" hits="0" branch="false"/>
								<line number="217" hits="0" branch="false"/>
								<line number="225" hits="0" branch="false"/>
								<line number="226" hits="0" branch="false"/>
								<line number="227" hits="0" branch="false"/>
								<line number="235" hits="0" branch="false"/>
							</lines>
						</method>
						<method name="toString" signature="()Ljava/lang/String;" line-rate="1.0" branch-rate="1.0" complexity="0">
							<lines>
								<line number="63" hits="3" branch="false"/>
							</lines>
						</method>
					</methods>
					<lines>
						<line number="1" hits="2" branch="false"/>
						<line number="63" hits="3" branch="false"/>
						<line number="64" hits="1" branch="true" condition-coverage="27% (10/36)">
							<conditions>
								<condition number="0" type="jump" coverage="50%"/>
								<condition number="1" type="jump" coverage="50%"/>
								<condition number="2" type="jump" coverage="50%"/>
								<condition number="3" type="jump" coverage="0%"/>
								<condition number="4" type="jump" coverage="50%"/>
								<condition number="5" type="jump" coverage="50%"/>
								<condition number="6" type="jump" coverage="0%"/>
								<condition number="7" type="jump" coverage="50%"/>
								<condition number="8" type="jump" coverage="50%"/>
								<condition number="9" type="jump" coverage="0%"/>
								<condition number="10" type="jump" coverage="50%"/>
								<condition number="11" type="jump" coverage="50%"/>
								<condition number="12" type="jump" coverage="0%"/>
								<condition number="13" type="jump" coverage="50%"/>
								<condition number="14" type="jump" coverage="0%"/>
								<condition number="15" type="jump" coverage="0%"/>
								<condition number="16" type="jump" coverage="0%"/>
								<condition number="17" type="jump" coverage="0%"/>
							</conditions>
						</line>
						<line number="103" hits="5" branch="false"/>
						<line number="104" hits="5" branch="false"/>
						<line number="105" hits="5" branch="false"/>
						<line number="106" hits="5" branch="false"/>
[...]
							<lines>
								<line number="69" hits="2" branch="false"/>
								<line number="70" hits="2" branch="false"/>
								<line number="71" hits="2" branch="false"/>
							</lines>
						</method>
						<method name="ajc$preClinit" signature="()V" line-rate="1.0" branch-rate="1.0" complexity="0">
							<lines>
								<line number="1" hits="2" branch="false"/>
							</lines>
						</method>
						<method name="delete" signature="(Ljava/util/Map;)V" line-rate="1.0" branch-rate="1.0" complexity="0">
							<lines>
							</lines>
						</method>
						<method name="delete_aroundBody16" signature="(Lcom/jcabi/dynamo/retry/ReTable;Ljava/util/Map;Lorg/aspectj/lang/JoinPoint;)V" line-rate="0.0" branch-rate="1.0" complexity="0">
							<lines>
								<line number="103" hits="0" branch="false"/>
							</lines>
						</method>
						<method name="delete_aroundBody18" signature="(Lcom/jcabi/dynamo/retry/ReTable;Ljava/util/Map;Lorg/aspectj/lang/JoinPoint;)V" line-rate="1.0" branch-rate="1.0" complexity="0">
							<lines>
								<line number="102" hits="5" branch="false"/>
							</lines>
						</method>
						<method name="equals" signature="(Ljava/lang/Object;)Z" line-rate="1.0" branch-rate="1.0" complexity="0">
							<lines>
							</lines>
						</method>
						<method name="frame" signature="()Lcom/jcabi/dynamo/Frame;" line-rate="1.0" branch-rate="1.0" complexity="0">
							<lines>
							</lines>
						</method>
						<method name="frame_aroundBody4" signature="(Lcom/jcabi/dynamo/retry/ReTable;Lorg/aspectj/lang/JoinPoint;)Lcom/jcabi/dynamo/Frame;" line-rate="1.0" branch-rate="1.0" complexity="0">
							<lines>
							</lines>
						</method>
						<method name="frame_aroundBody6" signature="(Lcom/jcabi/dynamo/retry/ReTable;Lorg/aspectj/lang/JoinPoint;)Lcom/jcabi/dynamo/Frame;" line-rate="0.0" branch-rate="1.0" complexity="0">
							<lines>
								<line number="83" hits="0" branch="false"/>
							</lines>
						</method>
						<method name="hashCode" signature="()I" line-rate="0.0" branch-rate="0.0" complexity="0">
							<lines>
								<line number="57" hits="0" branch="true" condition-coverage="0% (0/12)">
									<conditions>
										<condition number="0" type="jump" coverage="0%"/>
										<condition number="1" type="jump" coverage="0%"/>
										<condition number="2" type="jump" coverage="0%"/>
										<condition number="3" type="jump" coverage="0%"/>
										<condition number="4" type="jump" coverage="0%"/>
										<condition number="5" type="jump" coverage="0%"/>
									</conditions>
								</line>
							</lines>
						</method>
						<method name="name" signature="()Ljava/lang/String;" line-rate="1.0" branch-rate="1.0" complexity="0">
							<lines>
							</lines>
						</method>
						<method name="name_aroundBody12" signature="(Lcom/jcabi/dynamo/retry/ReTable;Lorg/aspectj/lang/JoinPoint;)Ljava/lang/String;" line-rate="1.0" branch-rate="1.0" complexity="0">
							<lines>
							</lines>
						</method>
						<method name="name_aroundBody14" signature="(Lcom/jcabi/dynamo/retry/ReTable;Lorg/aspectj/lang/JoinPoint;)Ljava/lang/String;" line-rate="0.0" branch-rate="1.0" complexity="0">
							<lines>
								<line number="95" hits="0" branch="false"/>
							</lines>
						</method>
						<method name="put" signature="(Ljava/util/Map;)Lcom/jcabi/dynamo/Item;" line-rate="1.0" branch-rate="1.0" complexity="0">
							<lines>
							</lines>
						</method>
						<method name="put_aroundBody0" signature="(Lcom/jcabi/dynamo/retry/ReTable;Ljava/util/Map;Lorg/aspectj/lang/JoinPoint;)Lcom/jcabi/dynamo/Item;" line-rate="1.0" branch-rate="1.0" complexity="0">
							<lines>
							</lines>
						</method>
						<method name="put_aroundBody2" signature="(Lcom/jcabi/dynamo/retry/ReTable;Ljava/util/Map;Lorg/aspectj/lang/JoinPoint;)Lcom/jcabi/dynamo/Item;" line-rate="1.0" branch-rate="1.0" complexity="0">
							<lines>
								<line number="77" hits="5" branch="false"/>
							</lines>
						</method>
						<method name="region" signature="()Lcom/jcabi/dynamo/Region;" line-rate="1.0" branch-rate="1.0" complexity="0">
							<lines>
							</lines>
						</method>
						<method name="region_aroundBody10" signature="(Lcom/jcabi/dynamo/retry/ReTable;Lorg/aspectj/lang/JoinPoint;)Lcom/jcabi/dynamo/Region;" line-rate="0.0" branch-rate="1.0" complexity="0">
							<lines>
								<line number="89" hits="0" branch="false"/>
							</lines>
						</method>
						<method name="region_aroundBody8" signature="(Lcom/jcabi/dynamo/retry/ReTable;Lorg/aspectj/lang/JoinPoint;)Lcom/jcabi/dynamo/Region;" line-rate="1.0" branch-rate="1.0" complexity="0">
							<lines>
							</lines>
						</method>
						<method name="toString" signature="()Ljava/lang/String;" line-rate="1.0" branch-rate="1.0" complexity="0">
							<lines>
								<line number="56" hits="1" branch="false"/>
							</lines>
						</method>
					</methods>
					<lines>
						<line number="1" hits="2" branch="false"/>
						<line number="56" hits="1" branch="false"/>
						<line number="57" hits="0" branch="true" condition-coverage="0% (0/12)">
							<conditions>
								<condition number="0" type="jump" coverage="0%"/>
								<condition number="1" type="jump" coverage="0%"/>
								<condition number="2" type="jump" coverage="0%"/>
								<condition number="3" type="jump" coverage="0%"/>
								<condition number="4" type="jump" coverage="0%"/>
								<condition number="5" type="jump" coverage="0%"/>
							</conditions>
						</line>
						<line number="69" hits="2" branch="false"/>
						<line number="70" hits="2" branch="false"/>
						<line number="71" hits="2" branch="false"/>
						<line number="77" hits="5" branch="false"/>
						<line number="83" hits="0" branch="false"/>
						<line number="89" hits="0" branch="false"/>
						<line number="95" hits="0" branch="false"/>
						<line number="102" hits="5" branch="false"/>
						<line number="103" hits="0" branch="false"/>
					</lines>
				</class>
				<class name="com.jcabi.dynamo.retry.ReTable$AjcClosure1" filename="com/jcabi/dynamo/retry/ReTable.java" line-rate="1.0" branch-rate="1.0" complexity="1.0">
					<methods>
						<method name="&lt;init&gt;" signature="([Ljava/lang/Object;)V" line-rate="1.0" branch-rate="1.0" complexity="0">
							<lines>
							</lines>
						</method>
						<method name="run" signature="([Ljava/lang/Object;)Ljava/lang/Object;" line-rate="1.0" branch-rate="1.0" complexity="0">
							<lines>
								<line number="1" hits="4" branch="false"/>
							</lines>
						</method>
					</methods>
					<lines>
						<line number="1" hits="4" branch="false"/>
					</lines>
				</class>
				<class name="com.jcabi.dynamo.retry.ReTable$AjcClosure11" filename="com/jcabi/dynamo/retry/ReTable.java" line-rate="0.0" branch-rate="1.0" complexity="1.0">
					<methods>
						<method name="&lt;init&gt;" signature="([Ljava/lang/Object;)V" line-rate="1.0" branch-rate="1.0" complexity="0">
							<lines>
							</lines>
						</method>
						<method name="run" signature="([Ljava/lang/Object;)Ljava/lang/Object;" line-rate="0.0" branch-rate="1.0" complexity="0">
							<lines>
								<line number="1" hits="0" branch="false"/>
							</lines>
						</method>
					</methods>
					<lines>
						<line number="1" hits="0" branch="false"/>
					</lines>
				</class>
				<class name="com.jcabi.dynamo.retry.ReTable$AjcClosure13" filename="com/jcabi/dynamo/retry/ReTable.java" line-rate="0.0" branch-rate="1.0" complexity="1.0">
					<methods>
						<method name="&lt;init&gt;" signature="([Ljava/lang/Object;)V" line-rate="1.0" branch-rate="1.0" complexity="0">
							<lines>
							</lines>
						</method>
						<method name="run" signature="([Ljava/lang/Object;)Ljava/lang/Object;" line-rate="0.0" branch-rate="1.0" complexity="0">
							<lines>
								<line number="1" hits="0" branch="false"/>
							</lines>
						</method>
					</methods>
					<lines>
						<line number="1" hits="0" branch="false"/>
					</lines>
				</class>
				<class name="com.jcabi.dynamo.retry.ReTable$AjcClosure15" filename="com/jcabi/dynamo/retry/ReTable.java" line-rate="0.0" branch-rate="1.0" complexity="1.0">
					<methods>
						<method name="&lt;init&gt;" signature="([Ljava/lang/Object;)V" line-rate="1.0" branch-rate="1.0" complexity="0">
							<lines>
							</lines>
						</method>
						<method name="run" signature="([Ljava/lang/Object;)Ljava/lang/Object;" line-rate="0.0" branch-rate="1.0" complexity="0">
							<lines>
								<line number="1" hits="0" branch="false"/>
							</lines>
						</method>
					</methods>
					<lines>
						<line number="1" hits="0" branch="false"/>
					</lines>
				</class>
				<class name="com.jcabi.dynamo.retry.ReTable$AjcClosure17" filename="com/jcabi/dynamo/retry/ReTable.java" line-rate="1.0" branch-rate="1.0" complexity="1.0">
					<methods>
						<method name="&lt;init&gt;" signature="([Ljava/lang/Object;)V" line-rate="1.0" branch-rate="1.0" complexity="0">
							<lines>
							</lines>
						</method>
						<method name="run" signature="([Ljava/lang/Object;)Ljava/lang/Object;" line-rate="1.0" branch-rate="1.0" complexity="0">
							<lines>
								<line number="1" hits="4" branch="false"/>
							</lines>
						</method>
					</methods>
					<lines>
						<line number="1" hits="4" branch="false"/>
					</lines>
				</class>
				<class name="com.jcabi.dynamo.retry.ReTable$AjcClosure19" filename="com/jcabi/dynamo/retry/ReTable.java" line-rate="1.0" branch-rate="1.0" complexity="1.0">
					<methods>
						<method name="&lt;init&gt;" signature="([Ljava/lang/Object;)V" line-rate="1.0" branch-rate="1.0" complexity="0">
							<lines>
							</lines>
						</method>
						<method name="run" signature="([Ljava/lang/Object;)Ljava/lang/Object;" line-rate="1.0" branch-rate="1.0" complexity="0">
							<lines>
								<line number="1" hits="2" branch="false"/>
							</lines>
						</method>
					</methods>
					<lines>
						<line number="1" hits="2" branch="false"/>
					</lines>
				</class>
				<class name="com.jcabi.dynamo.retry.ReTable$AjcClosure3" filename="com/jcabi/dynamo/retry/ReTable.java" line-rate="1.0" branch-rate="1.0" complexity="1.0">
					<methods>
						<method name="&lt;init&gt;" signature="([Ljava/lang/Object;)V" line-rate="1.0" branch-rate="1.0" complexity="0">
							<lines>
							</lines>
						</method>
						<method name="run" signature="([Ljava/lang/Object;)Ljava/lang/Object;" line-rate="1.0" branch-rate="1.0" complexity="0">
							<lines>
								<line number="1" hits="2" branch="false"/>
							</lines>
						</method>
					</methods>
					<lines>
						<line number="1" hits="2" branch="false"/>
					</lines>
				</class>
				<class name="com.jcabi.dynamo.retry.ReTable$AjcClosure5" filename="com/jcabi/dynamo/retry/ReTable.java" line-rate="0.0" branch-rate="1.0" complexity="1.0">
					<methods>
						<method name="&lt;init&gt;" signature="([Ljava/lang/Object;)V" line-rate="1.0" branch-rate="1.0" complexity="0">
							<lines>
							</lines>
						</method>
						<method name="run" signature="([Ljava/lang/Object;)Ljava/lang/Object;" line-rate="0.0" branch-rate="1.0" complexity="0">
							<lines>
								<line number="1" hits="0" branch="false"/>
							</lines>
						</method>
					</methods>
					<lines>
						<line number="1" hits="0" branch="false"/>
					</lines>
				</class>
				<class name="com.jcabi.dynamo.retry.ReTable$AjcClosure7" filename="com/jcabi/dynamo/retry/ReTable.java" line-rate="0.0" branch-rate="1.0" complexity="1.0">
					<methods>
						<method name="&lt;init&gt;" signature="([Ljava/lang/Object;)V" line-rate="1.0" branch-rate="1.0" complexity="0">
							<lines>
							</lines>
						</method>
						<method name="run" signature="([Ljava/lang/Object;)Ljava/lang/Object;" line-rate="0.0" branch-rate="1.0" complexity="0">
							<lines>
								<line number="1" hits="0" branch="false"/>
							</lines>
						</method>
					</methods>
					<lines>
						<line number="1" hits="0" branch="false"/>
					</lines>
				</class>
				<class name="com.jcabi.dynamo.retry.ReTable$AjcClosure9" filename="com/jcabi/dynamo/retry/ReTable.java" line-rate="0.0" branch-rate="1.0" complexity="1.0">
					<methods>
						<method name="&lt;init&gt;" signature="([Ljava/lang/Object;)V" line-rate="1.0" branch-rate="1.0" complexity="0">
							<lines>
							</lines>
						</method>
						<method name="run" signature="([Ljava/lang/Object;)Ljava/lang/Object;" line-rate="0.0" branch-rate="1.0" complexity="0">
							<lines>
								<line number="1" hits="0" branch="false"/>
							</lines>
						</method>
					</methods>
					<lines>
						<line number="1" hits="0" branch="false"/>
					</lines>
				</class>
				<class name="com.jcabi.dynamo.retry.ReValve" filename="com/jcabi/dynamo/retry/ReValve.java" line-rate="0.0" branch-rate="0.0" complexity="1.0">
					<methods>
						<method name="&lt;clinit&gt;" signature="()V" line-rate="1.0" branch-rate="1.0" complexity="0">
							<lines>
							</lines>
						</method>
						<method name="&lt;init&gt;" signature="(Lcom/jcabi/dynamo/Valve;)V" line-rate="0.0" branch-rate="1.0" complexity="0">
							<lines>
								<line number="69" hits="0" branch="false"/>
								<line number="70" hits="0" branch="false"/>
								<line number="71" hits="0" branch="false"/>
							</lines>
						</method>
						<method name="ajc$preClinit" signature="()V" line-rate="0.0" branch-rate="1.0" complexity="0">
							<lines>
								<line number="1" hits="0" branch="false"/>
							</lines>
						</method>
						<method name="count" signature="(Lcom/jcabi/dynamo/Credentials;Ljava/lang/String;Ljava/util/Map;)I" line-rate="1.0" branch-rate="1.0" complexity="0">
							<lines>
							</lines>
						</method>
						<method name="count_aroundBody4" signature="(Lcom/jcabi/dynamo/retry/ReValve;Lcom/jcabi/dynamo/Credentials;Ljava/lang/String;Ljava/util/Map;Lorg/aspectj/lang/JoinPoint;)I" line-rate="1.0" branch-rate="1.0" complexity="0">
							<lines>
							</lines>
						</method>
						<method name="count_aroundBody6" signature="(Lcom/jcabi/dynamo/retry/ReValve;Lcom/jcabi/dynamo/Credentials;Ljava/lang/String;Ljava/util/Map;Lorg/aspectj/lang/JoinPoint;)I" line-rate="0.0" branch-rate="1.0" complexity="0">
							<lines>
								<line number="88" hits="0" branch="false"/>
							</lines>
						</method>
						<method name="equals" signature="(Ljava/lang/Object;)Z" line-rate="1.0" branch-rate="1.0" complexity="0">
							<lines>
							</lines>
						</method>
						<method name="fetch" signature="(Lcom/jcabi/dynamo/Credentials;Ljava/lang/String;Ljava/util/Map;Ljava/util/Collection;)Lcom/jcabi/dynamo/Dosage;" line-rate="1.0" branch-rate="1.0" complexity="0">
							<lines>
							</lines>
						</method>
						<method name="fetch_aroundBody0" signature="(Lcom/jcabi/dynamo/retry/ReValve;Lcom/jcabi/dynamo/Credentials;Ljava/lang/String;Ljava/util/Map;Ljava/util/Collection;Lorg/aspectj/lang/JoinPoint;)Lcom/jcabi/dynamo/Dosage;" line-rate="1.0" branch-rate="1.0" complexity="0">
							<lines>
							</lines>
						</method>
						<method name="fetch_aroundBody2" signature="(Lcom/jcabi/dynamo/retry/ReValve;Lcom/jcabi/dynamo/Credentials;Ljava/lang/String;Ljava/util/Map;Ljava/util/Collection;Lorg/aspectj/lang/JoinPoint;)Lcom/jcabi/dynamo/Dosage;" line-rate="0.0" branch-rate="1.0" complexity="0">
							<lines>
								<line number="79" hits="0" branch="false"/>
							</lines>
						</method>
						<method name="hashCode" signature="()I" line-rate="0.0" branch-rate="0.0" complexity="0">
							<lines>
								<line number="57" hits="0" branch="true" condition-coverage="0% (0/12)">
									<conditions>
										<condition number="0" type="jump" coverage="0%"/>
										<condition number="1" type="jump" coverage="0%"/>
										<condition number="2" type="jump" coverage="0%"/>
										<condition number="3" type="jump" coverage="0%"/>
										<condition number="4" type="jump" coverage="0%"/>
										<condition number="5" type="jump" coverage="0%"/>
									</conditions>
								</line>
							</lines>
						</method>
						<method name="toString" signature="()Ljava/lang/String;" line-rate="0.0" branch-rate="1.0" complexity="0">
							<lines>
								<line number="56" hits="0" branch="false"/>
							</lines>
						</method>
					</methods>
					<lines>
						<line number="1" hits="0" branch="false"/>
						<line number="56" hits="0" branch="false"/>
						<line number="57" hits="0" branch="true" condition-coverage="0% (0/12)">
							<conditions>
								<condition number="0" type="jump" coverage="0%"/>
								<condition number="1" type="jump" coverage="0%"/>
								<condition number="2" type="jump" coverage="0%"/>
								<condition number="3" type="jump" coverage="0%"/>
								<condition number="4" type="jump" coverage="0%"/>
								<condition number="5" type="jump" coverage="0%"/>
							</conditions>
						</line>
						<line number="69" hits="0" branch="false"/>
						<line number="70" hits="0" branch="false"/>
						<line number="71" hits="0" branch="false"/>
						<line number="79" hits="0" branch="false"/>
						<line number="88" hits="0" branch="false"/>
					</lines>
				</class>
				<class name="com.jcabi.dynamo.retry.ReValve$AjcClosure1" filename="com/jcabi/dynamo/retry/ReValve.java" line-rate="0.0" branch-rate="1.0" complexity="1.0">
					<methods>
						<method name="&lt;init&gt;" signature="([Ljava/lang/Object;)V" line-rate="1.0" branch-rate="1.0" complexity="0">
							<lines>
							</lines>
						</method>
						<method name="run" signature="([Ljava/lang/Object;)Ljava/lang/Object;" line-rate="0.0" branch-rate="1.0" complexity="0">
							<lines>
								<line number="1" hits="0" branch="false"/>
							</lines>
						</method>
					</methods>
					<lines>
						<line number="1" hits="0" branch="false"/>
					</lines>
				</class>
				<class name="com.jcabi.dynamo.retry.ReValve$AjcClosure3" filename="com/jcabi/dynamo/retry/ReValve.java" line-rate="0.0" branch-rate="1.0" complexity="1.0">
					<methods>
						<method name="&lt;init&gt;" signature="([Ljava/lang/Object;)V" line-rate="1.0" branch-rate="1.0" complexity="0">
							<lines>
							</lines>
						</method>
						<method name="run" signature="([Ljava/lang/Object;)Ljava/lang/Object;" line-rate="0.0" branch-rate="1.0" complexity="0">
							<lines>
								<line number="1" hits="0" branch="false"/>
							</lines>
						</method>
					</methods>
					<lines>
						<line number="1" hits="0" branch="false"/>
					</lines>
				</class>
				<class name="com.jcabi.dynamo.retry.ReValve$AjcClosure5" filename="com/jcabi/dynamo/retry/ReValve.java" line-rate="0.0" branch-rate="1.0" complexity="1.0">
					<methods>
						<method name="&lt;init&gt;" signature="([Ljava/lang/Object;)V" line-rate="1.0" branch-rate="1.0" complexity="0">
							<lines>
							</lines>
						</method>
						<method name="run" signature="([Ljava/lang/Object;)Ljava/lang/Object;" line-rate="0.0" branch-rate="1.0" complexity="0">
							<lines>
								<line number="1" hits="0" branch="false"/>
							</lines>
						</method>
					</methods>
					<lines>
						<line number="1" hits="0" branch="false"/>
					</lines>
				</class>
				<class name="com.jcabi.dynamo.retry.ReValve$AjcClosure7" filename="com/jcabi/dynamo/retry/ReValve.java" line-rate="0.0" branch-rate="1.0" complexity="1.0">
					<methods>
						<method name="&lt;init&gt;" signature="([Ljava/lang/Object;)V" line-rate="1.0" branch-rate="1.0" complexity="0">
							<lines>
							</lines>
						</method>
						<method name="run" signature="([Ljava/lang/Object;)Ljava/lang/Object;" line-rate="0.0" branch-rate="1.0" complexity="0">
							<lines>
								<line number="1" hits="0" branch="false"/>
							</lines>
						</method>
					</methods>
					<lines>
						<line number="1" hits="0" branch="false"/>
					</lines>
				</class>
			</classes>
		</package>
	</packages>
</coverage>
